Arguments: 
  D:\platform\nodejs\node.exe C:\Users\Administrator\AppData\Roaming\npm\node_modules\yarn\bin\yarn.js add material-design-iconic-font

PATH: 
  C:\Program Files (x86)\Common Files\Oracle\Java\javapath;C:\Program Files (x86)\Intel\Intel(R) Management Engine Components\iCLS\;C:\Program Files\Intel\Intel(R) Management Engine Components\iCLS\;C:\Program Files\NVIDIA GPU Computing Toolkit\CUDA\v9.0\bin;C:\Program Files\NVIDIA GPU Computing Toolkit\CUDA\v9.0\libnvvp;C:\Anaconda3\Scripts\;C:\Python27\;C:\Python27\Scripts;C:\ProgramData\Oracle\Java\javapath;C:\WINDOWS\system32;C:\WINDOWS;C:\WINDOWS\System32\Wbem;C:\WINDOWS\System32\WindowsPowerShell\v1.0\;C:\Program Files\Intel\WiFi\bin\;C:\Program Files\Common Files\Intel\WirelessCommon\;C:\Program Files\Git\cmd;C:\ProgramData\chocolatey\bin;C:\Program Files\TortoiseGit\bin;C:\Anaconda3\;C:\cudnn\cuda;C:\cudnn\cuda\bin;C:\Program Files (x86)\NVIDIA Corporation\PhysX\Common;C:\Program Files (x86)\Intel\Intel(R) Management Engine Components\DAL;C:\Program Files\Intel\Intel(R) Management Engine Components\DAL;C:\Program Files (x86)\Intel\Intel(R) Management Engine Components\IPT;C:\Program Files\Intel\Intel(R) Management Engine Components\IPT;D:\android\sdk\tools;D:\android\sdk\platform-tools;D:\platform\nodejs\;C:\Program Files (x86)\Windows Kits\8.1\Windows Performance Toolkit\;C:\WINDOWS\system32;C:\WINDOWS;C:\WINDOWS\System32\Wbem;C:\WINDOWS\System32\WindowsPowerShell\v1.0\;C:\WINDOWS\System32\OpenSSH\;C:\Program Files (x86)\EasyFrom Trial\;C:\Program Files (x86)\EasyFrom Inc\;C:\Users\Administrator\AppData\Local\Microsoft\WindowsApps;C:\ProgramData\chocolatey\lib\msys2;C:\tools\msys64;C:\Users\Administrator\AppData\Local\rodeo\app-2.5.2\bin;C:\Program Files\Microsoft VS Code\bin;C:\Users\Administrator\AppData\Roaming\npm;C:\Users\Administrator\AppData\Local\Microsoft\WindowsApps

Yarn version: 
  1.5.1

Node version: 
  8.11.1

Platform: 
  win32 x64

npm manifest: 
  {
    "name": "speech-to-text",
    "version": "0.0.0",
    "license": "MIT",
    "scripts": {
      "ng": "ng",
      "start": "ng serve",
      "build": "ng build --prod",
      "test": "ng test",
      "lint": "ng lint",
      "e2e": "ng e2e",
      "packagr": "ng-packagr -p ng-package.json"
    },
    "private": true,
    "dependencies": {
      "@angular/animations": "6.0.0",
      "@angular/cdk": "^6.3.3",
      "@angular/common": "6.0.0",
      "@angular/compiler": "6.0.0",
      "@angular/core": "6.0.0",
      "@angular/elements": "6.0.0",
      "@angular/flex-layout": "^6.0.0-beta.16",
      "@angular/forms": "6.0.0",
      "@angular/material": "^6.3.3",
      "@angular/platform-browser": "6.0.0",
      "@brandextract/jquerytools": "^1.2.8",
      "@ngx-translate/core": "^10.0.2",
      "@ngx-translate/http-loader": "^3.0.1",
      "@types/jquery": "^3.3.4",
      "@types/jquery.tools": "^1.2.4",
      "@webcomponents/custom-elements": "^1.1.0",
      "bootstrap": "^4.1.1",
      "core-js": "^2.4.1",
      "graceful-fs": "^4.1.1",
      "jquery": "^3.3.1",
      "json-formatter-js": "^2.2.0",
      "material-design-iconic-font": "^2.2.0",
      "ngx-bootstrap": "^3.0.1",
      "ngx-perfect-scrollbar": "^6.2.0",
      "rxjs": "^6.0.5",
      "rxjs-compat": "^6.0.5",
      "systemjs": "0.19.43",
      "tern": "^0.21.0",
      "tsickle": "^0.27.2",
      "tslib": "^1.9.0",
      "zone.js": "^0.8.26"
    },
    "devDependencies": {
      "@angular-devkit/build-angular": "~0.6.8",
      "@angular-devkit/core": "^0.5.12",
      "@angular-devkit/schematics": "^0.5.12",
      "@angular/bazel": "6.0.0",
      "@angular/cli": "^6.1.3",
      "@angular/compiler-cli": "6.0.0",
      "@angular/http": "6.0.0",
      "@angular/platform-browser-dynamic": "6.0.0",
      "@angular/platform-server": "6.0.0",
      "@angular/router": "6.0.0",
      "@angular/upgrade": "6.0.0",
      "@types/fs-extra": "^4.0.3",
      "@types/jasmine": "~2.8.3",
      "@types/jasminewd2": "~2.0.2",
      "@types/node": "~6.0.60",
      "codelyzer": "^4.0.1",
      "fs-extra": "^3.0.1",
      "html-webpack-plugin": "^3.2.0",
      "jasmine-core": "~2.8.0",
      "jasmine-spec-reporter": "~4.2.1",
      "karma": "~2.0.0",
      "karma-chrome-launcher": "~2.2.0",
      "karma-coverage-istanbul-reporter": "^1.2.1",
      "karma-jasmine": "~1.1.0",
      "karma-jasmine-html-reporter": "^0.2.2",
      "link": "^0.1.5",
      "ng-packagr": "^2.4.2",
      "npm": "^6.3.0",
      "protractor": "~5.1.2",
      "ts-node": "~4.1.0",
      "tslint": "~5.9.1",
      "typescript": "~2.7.2"
    }
  }

yarn manifest: 
  No manifest

Lockfile: 
  No lockfile

Trace: 
  Error: Found incompatible module
      at new MessageError (C:\Users\Administrator\AppData\Roaming\npm\node_modules\yarn\lib\cli.js:186:110)
      at checkOne (C:\Users\Administrator\AppData\Roaming\npm\node_modules\yarn\lib\cli.js:62444:11)
      at Object.check (C:\Users\Administrator\AppData\Roaming\npm\node_modules\yarn\lib\cli.js:62463:5)
      at C:\Users\Administrator\AppData\Roaming\npm\node_modules\yarn\lib\cli.js:22803:73
      at Generator.next (<anonymous>)
      at step (C:\Users\Administrator\AppData\Roaming\npm\node_modules\yarn\lib\cli.js:98:30)
      at C:\Users\Administrator\AppData\Roaming\npm\node_modules\yarn\lib\cli.js:109:13
      at <anonymous>
