09-Jul-2018 11:36:57.300 信息 [main] org.apache.catalina.startup.VersionLoggerListener.log Server version:        Apache Tomcat/8.5.31
09-Jul-2018 11:36:57.306 信息 [main] org.apache.catalina.startup.VersionLoggerListener.log Server built:          Apr 27 2018 20:24:25 UTC
09-Jul-2018 11:36:57.307 信息 [main] org.apache.catalina.startup.VersionLoggerListener.log Server number:         8.5.31.0
09-Jul-2018 11:36:57.308 信息 [main] org.apache.catalina.startup.VersionLoggerListener.log OS Name:               Windows 10
09-Jul-2018 11:36:57.308 信息 [main] org.apache.catalina.startup.VersionLoggerListener.log OS Version:            10.0
09-Jul-2018 11:36:57.309 信息 [main] org.apache.catalina.startup.VersionLoggerListener.log Architecture:          amd64
09-Jul-2018 11:36:57.309 信息 [main] org.apache.catalina.startup.VersionLoggerListener.log Java Home:             D:\platform\jdk\jre
09-Jul-2018 11:36:57.309 信息 [main] org.apache.catalina.startup.VersionLoggerListener.log JVM Version:           1.8.0_112-b15
09-Jul-2018 11:36:57.309 信息 [main] org.apache.catalina.startup.VersionLoggerListener.log JVM Vendor:            Oracle Corporation
09-Jul-2018 11:36:57.309 信息 [main] org.apache.catalina.startup.VersionLoggerListener.log CATALINA_BASE:         F:\shouyu
09-Jul-2018 11:36:57.310 信息 [main] org.apache.catalina.startup.VersionLoggerListener.log CATALINA_HOME:         F:\shouyu
09-Jul-2018 11:36:57.310 信息 [main] org.apache.catalina.startup.VersionLoggerListener.log Command line argument: -Djava.util.logging.config.file=F:\shouyu\conf\logging.properties
09-Jul-2018 11:36:57.310 信息 [main] org.apache.catalina.startup.VersionLoggerListener.log Command line argument: -Djava.util.logging.manager=org.apache.juli.ClassLoaderLogManager
09-Jul-2018 11:36:57.310 信息 [main] org.apache.catalina.startup.VersionLoggerListener.log Command line argument: -Djdk.tls.ephemeralDHKeySize=2048
09-Jul-2018 11:36:57.311 信息 [main] org.apache.catalina.startup.VersionLoggerListener.log Command line argument: -Djava.protocol.handler.pkgs=org.apache.catalina.webresources
09-Jul-2018 11:36:57.311 信息 [main] org.apache.catalina.startup.VersionLoggerListener.log Command line argument: -Dignore.endorsed.dirs=
09-Jul-2018 11:36:57.311 信息 [main] org.apache.catalina.startup.VersionLoggerListener.log Command line argument: -Dcatalina.base=F:\shouyu
09-Jul-2018 11:36:57.312 信息 [main] org.apache.catalina.startup.VersionLoggerListener.log Command line argument: -Dcatalina.home=F:\shouyu
09-Jul-2018 11:36:57.313 信息 [main] org.apache.catalina.startup.VersionLoggerListener.log Command line argument: -Djava.io.tmpdir=F:\shouyu\temp
09-Jul-2018 11:36:57.314 信息 [main] org.apache.catalina.core.AprLifecycleListener.lifecycleEvent Loaded APR based Apache Tomcat Native library [1.2.16] using APR version [1.6.3].
09-Jul-2018 11:36:57.316 信息 [main] org.apache.catalina.core.AprLifecycleListener.lifecycleEvent APR capabilities: IPv6 [true], sendfile [true], accept filters [false], random [true].
09-Jul-2018 11:36:57.319 信息 [main] org.apache.catalina.core.AprLifecycleListener.lifecycleEvent APR/OpenSSL configuration: useAprConnector [false], useOpenSSL [true]
09-Jul-2018 11:36:58.512 信息 [main] org.apache.catalina.core.AprLifecycleListener.initializeSSL OpenSSL successfully initialized [OpenSSL 1.0.2m  2 Nov 2017]
09-Jul-2018 11:36:58.752 信息 [main] org.apache.coyote.AbstractProtocol.init Initializing ProtocolHandler ["http-nio-8080"]
09-Jul-2018 11:36:59.470 信息 [main] org.apache.tomcat.util.net.NioSelectorPool.getSharedSelector Using a shared selector for servlet write/read
09-Jul-2018 11:36:59.480 信息 [main] org.apache.coyote.AbstractProtocol.init Initializing ProtocolHandler ["ajp-nio-8009"]
09-Jul-2018 11:36:59.486 信息 [main] org.apache.tomcat.util.net.NioSelectorPool.getSharedSelector Using a shared selector for servlet write/read
09-Jul-2018 11:36:59.487 信息 [main] org.apache.catalina.startup.Catalina.load Initialization processed in 2781 ms
09-Jul-2018 11:36:59.533 信息 [main] org.apache.catalina.core.StandardService.startInternal Starting service [Catalina]
09-Jul-2018 11:36:59.534 信息 [main] org.apache.catalina.core.StandardEngine.startInternal Starting Servlet Engine: Apache Tomcat/8.5.31
09-Jul-2018 11:36:59.548 信息 [localhost-startStop-1] org.apache.catalina.startup.HostConfig.deployDirectory Deploying web application directory [F:\shouyu\web\ROOT]
09-Jul-2018 11:37:14.967 信息 [localhost-startStop-1] org.apache.jasper.servlet.TldScanner.scanJars At least one JAR was scanned for TLDs yet contained no TLDs. Enable debug logging for this logger for a complete list of JARs that were scanned but no TLDs were found in them. Skipping unneeded JARs during scanning can improve startup time and JSP compilation time.
09-Jul-2018 11:37:15.005 信息 [localhost-startStop-1] com.susing.core.KingleSystem.SERVER_START YacusServer starting..
09-Jul-2018 11:37:15.073 信息 [localhost-startStop-1] com.susing.core.TaskManager.runNxt 计划[com.susing.sql.GenericDataSource$Cache@c3c77b3]已经启动,下一次将在 2018-07-09 11:38:15.073 执行
09-Jul-2018 11:37:15.074 信息 [localhost-startStop-1] com.susing.sql.DataSourceFactory.loadDataSource 已注册一个连接器 name=plat;type=MYSQL(MySQL)
09-Jul-2018 11:37:15.076 信息 [localhost-startStop-1] com.susing.sql.DataSourceFactory.loadDataSource 已注册一个连接器 name=shouyu;type=MYSQL(MySQL)
09-Jul-2018 11:37:15.589 信息 [localhost-startStop-1] com.susing.core.KingleService.__start 正在启动服务:会话服务器
09-Jul-2018 11:37:15.589 信息 [localhost-startStop-1] com.susing.core.TaskManager.runNxt 计划[com.susing.core.SessionContext@68db7547]已经启动,下一次将在 2018-07-09 11:40:15.589 执行
09-Jul-2018 11:37:15.592 信息 [localhost-startStop-1] com.susing.core.KingleSystem.SERVER_START session-domain : 
09-Jul-2018 11:37:15.593 信息 [localhost-startStop-1] com.susing.core.KingleSystem.SERVER_START YacusServer init wasted in 588 millis
09-Jul-2018 11:37:17.028 信息 [localhost-startStop-1] org.apache.catalina.startup.HostConfig.deployDirectory Deployment of web application directory [F:\shouyu\web\ROOT] has finished in [17,479] ms
09-Jul-2018 11:37:17.032 信息 [main] org.apache.coyote.AbstractProtocol.start Starting ProtocolHandler ["http-nio-8080"]
09-Jul-2018 11:37:17.046 信息 [main] org.apache.coyote.AbstractProtocol.start Starting ProtocolHandler ["ajp-nio-8009"]
09-Jul-2018 11:37:17.052 信息 [main] org.apache.catalina.startup.Catalina.start Server startup in 17565 ms
09-Jul-2018 11:56:21.710 信息 [main] org.apache.catalina.startup.VersionLoggerListener.log Server version:        Apache Tomcat/8.5.31
09-Jul-2018 11:56:21.715 信息 [main] org.apache.catalina.startup.VersionLoggerListener.log Server built:          Apr 27 2018 20:24:25 UTC
09-Jul-2018 11:56:21.716 信息 [main] org.apache.catalina.startup.VersionLoggerListener.log Server number:         8.5.31.0
09-Jul-2018 11:56:21.716 信息 [main] org.apache.catalina.startup.VersionLoggerListener.log OS Name:               Windows 10
09-Jul-2018 11:56:21.716 信息 [main] org.apache.catalina.startup.VersionLoggerListener.log OS Version:            10.0
09-Jul-2018 11:56:21.717 信息 [main] org.apache.catalina.startup.VersionLoggerListener.log Architecture:          amd64
09-Jul-2018 11:56:21.717 信息 [main] org.apache.catalina.startup.VersionLoggerListener.log Java Home:             D:\platform\jdk\jre
09-Jul-2018 11:56:21.717 信息 [main] org.apache.catalina.startup.VersionLoggerListener.log JVM Version:           1.8.0_112-b15
09-Jul-2018 11:56:21.717 信息 [main] org.apache.catalina.startup.VersionLoggerListener.log JVM Vendor:            Oracle Corporation
09-Jul-2018 11:56:21.718 信息 [main] org.apache.catalina.startup.VersionLoggerListener.log CATALINA_BASE:         F:\shouyu
09-Jul-2018 11:56:21.718 信息 [main] org.apache.catalina.startup.VersionLoggerListener.log CATALINA_HOME:         F:\shouyu
09-Jul-2018 11:56:21.718 信息 [main] org.apache.catalina.startup.VersionLoggerListener.log Command line argument: -Djava.util.logging.config.file=F:\shouyu\conf\logging.properties
09-Jul-2018 11:56:21.719 信息 [main] org.apache.catalina.startup.VersionLoggerListener.log Command line argument: -Djava.util.logging.manager=org.apache.juli.ClassLoaderLogManager
09-Jul-2018 11:56:21.719 信息 [main] org.apache.catalina.startup.VersionLoggerListener.log Command line argument: -Djdk.tls.ephemeralDHKeySize=2048
09-Jul-2018 11:56:21.719 信息 [main] org.apache.catalina.startup.VersionLoggerListener.log Command line argument: -Djava.protocol.handler.pkgs=org.apache.catalina.webresources
09-Jul-2018 11:56:21.719 信息 [main] org.apache.catalina.startup.VersionLoggerListener.log Command line argument: -Dignore.endorsed.dirs=
09-Jul-2018 11:56:21.720 信息 [main] org.apache.catalina.startup.VersionLoggerListener.log Command line argument: -Dcatalina.base=F:\shouyu
09-Jul-2018 11:56:21.721 信息 [main] org.apache.catalina.startup.VersionLoggerListener.log Command line argument: -Dcatalina.home=F:\shouyu
09-Jul-2018 11:56:21.722 信息 [main] org.apache.catalina.startup.VersionLoggerListener.log Command line argument: -Djava.io.tmpdir=F:\shouyu\temp
09-Jul-2018 11:56:21.723 信息 [main] org.apache.catalina.core.AprLifecycleListener.lifecycleEvent Loaded APR based Apache Tomcat Native library [1.2.16] using APR version [1.6.3].
09-Jul-2018 11:56:21.724 信息 [main] org.apache.catalina.core.AprLifecycleListener.lifecycleEvent APR capabilities: IPv6 [true], sendfile [true], accept filters [false], random [true].
09-Jul-2018 11:56:21.725 信息 [main] org.apache.catalina.core.AprLifecycleListener.lifecycleEvent APR/OpenSSL configuration: useAprConnector [false], useOpenSSL [true]
09-Jul-2018 11:56:22.893 信息 [main] org.apache.catalina.core.AprLifecycleListener.initializeSSL OpenSSL successfully initialized [OpenSSL 1.0.2m  2 Nov 2017]
09-Jul-2018 11:56:23.088 信息 [main] org.apache.coyote.AbstractProtocol.init Initializing ProtocolHandler ["http-nio-8080"]
09-Jul-2018 11:56:23.784 信息 [main] org.apache.tomcat.util.net.NioSelectorPool.getSharedSelector Using a shared selector for servlet write/read
09-Jul-2018 11:56:23.797 信息 [main] org.apache.coyote.AbstractProtocol.init Initializing ProtocolHandler ["ajp-nio-8009"]
09-Jul-2018 11:56:23.803 信息 [main] org.apache.tomcat.util.net.NioSelectorPool.getSharedSelector Using a shared selector for servlet write/read
09-Jul-2018 11:56:23.803 信息 [main] org.apache.catalina.startup.Catalina.load Initialization processed in 2578 ms
09-Jul-2018 11:56:23.843 信息 [main] org.apache.catalina.core.StandardService.startInternal Starting service [Catalina]
09-Jul-2018 11:56:23.843 信息 [main] org.apache.catalina.core.StandardEngine.startInternal Starting Servlet Engine: Apache Tomcat/8.5.31
09-Jul-2018 11:56:23.863 信息 [localhost-startStop-1] org.apache.catalina.startup.HostConfig.deployDirectory Deploying web application directory [F:\shouyu\web\ROOT]
09-Jul-2018 11:56:39.658 信息 [localhost-startStop-1] org.apache.jasper.servlet.TldScanner.scanJars At least one JAR was scanned for TLDs yet contained no TLDs. Enable debug logging for this logger for a complete list of JARs that were scanned but no TLDs were found in them. Skipping unneeded JARs during scanning can improve startup time and JSP compilation time.
09-Jul-2018 11:56:39.702 信息 [localhost-startStop-1] com.susing.core.KingleSystem.SERVER_START YacusServer starting..
09-Jul-2018 11:56:39.769 信息 [localhost-startStop-1] com.susing.core.TaskManager.runNxt 计划[com.susing.sql.GenericDataSource$Cache@c3c77b3]已经启动,下一次将在 2018-07-09 11:57:39.769 执行
09-Jul-2018 11:56:39.770 信息 [localhost-startStop-1] com.susing.sql.DataSourceFactory.loadDataSource 已注册一个连接器 name=plat;type=MYSQL(MySQL)
09-Jul-2018 11:56:39.772 信息 [localhost-startStop-1] com.susing.sql.DataSourceFactory.loadDataSource 已注册一个连接器 name=shouyu;type=MYSQL(MySQL)
09-Jul-2018 11:56:40.235 信息 [localhost-startStop-1] com.susing.core.KingleService.__start 正在启动服务:会话服务器
09-Jul-2018 11:56:40.235 信息 [localhost-startStop-1] com.susing.core.TaskManager.runNxt 计划[com.susing.core.SessionContext@68db7547]已经启动,下一次将在 2018-07-09 11:59:40.235 执行
09-Jul-2018 11:56:40.236 信息 [localhost-startStop-1] com.susing.core.KingleSystem.SERVER_START session-domain : 
09-Jul-2018 11:56:40.237 信息 [localhost-startStop-1] com.susing.core.KingleSystem.SERVER_START YacusServer init wasted in 536 millis
09-Jul-2018 11:56:41.649 信息 [localhost-startStop-1] org.apache.catalina.startup.HostConfig.deployDirectory Deployment of web application directory [F:\shouyu\web\ROOT] has finished in [17,784] ms
09-Jul-2018 11:56:41.654 信息 [main] org.apache.coyote.AbstractProtocol.start Starting ProtocolHandler ["http-nio-8080"]
09-Jul-2018 11:56:41.676 信息 [main] org.apache.coyote.AbstractProtocol.start Starting ProtocolHandler ["ajp-nio-8009"]
09-Jul-2018 11:56:41.686 信息 [main] org.apache.catalina.startup.Catalina.start Server startup in 17880 ms
09-Jul-2018 11:58:52.275 信息 [main] org.apache.catalina.startup.VersionLoggerListener.log Server version:        Apache Tomcat/8.5.31
09-Jul-2018 11:58:52.280 信息 [main] org.apache.catalina.startup.VersionLoggerListener.log Server built:          Apr 27 2018 20:24:25 UTC
09-Jul-2018 11:58:52.281 信息 [main] org.apache.catalina.startup.VersionLoggerListener.log Server number:         8.5.31.0
09-Jul-2018 11:58:52.281 信息 [main] org.apache.catalina.startup.VersionLoggerListener.log OS Name:               Windows 10
09-Jul-2018 11:58:52.282 信息 [main] org.apache.catalina.startup.VersionLoggerListener.log OS Version:            10.0
09-Jul-2018 11:58:52.282 信息 [main] org.apache.catalina.startup.VersionLoggerListener.log Architecture:          amd64
09-Jul-2018 11:58:52.282 信息 [main] org.apache.catalina.startup.VersionLoggerListener.log Java Home:             D:\platform\jdk\jre
09-Jul-2018 11:58:52.282 信息 [main] org.apache.catalina.startup.VersionLoggerListener.log JVM Version:           1.8.0_112-b15
09-Jul-2018 11:58:52.282 信息 [main] org.apache.catalina.startup.VersionLoggerListener.log JVM Vendor:            Oracle Corporation
09-Jul-2018 11:58:52.283 信息 [main] org.apache.catalina.startup.VersionLoggerListener.log CATALINA_BASE:         F:\shouyu
09-Jul-2018 11:58:52.283 信息 [main] org.apache.catalina.startup.VersionLoggerListener.log CATALINA_HOME:         F:\shouyu
09-Jul-2018 11:58:52.283 信息 [main] org.apache.catalina.startup.VersionLoggerListener.log Command line argument: -Djava.util.logging.config.file=F:\shouyu\conf\logging.properties
09-Jul-2018 11:58:52.284 信息 [main] org.apache.catalina.startup.VersionLoggerListener.log Command line argument: -Djava.util.logging.manager=org.apache.juli.ClassLoaderLogManager
09-Jul-2018 11:58:52.284 信息 [main] org.apache.catalina.startup.VersionLoggerListener.log Command line argument: -Djdk.tls.ephemeralDHKeySize=2048
09-Jul-2018 11:58:52.284 信息 [main] org.apache.catalina.startup.VersionLoggerListener.log Command line argument: -Djava.protocol.handler.pkgs=org.apache.catalina.webresources
09-Jul-2018 11:58:52.285 信息 [main] org.apache.catalina.startup.VersionLoggerListener.log Command line argument: -Dignore.endorsed.dirs=
09-Jul-2018 11:58:52.285 信息 [main] org.apache.catalina.startup.VersionLoggerListener.log Command line argument: -Dcatalina.base=F:\shouyu
09-Jul-2018 11:58:52.286 信息 [main] org.apache.catalina.startup.VersionLoggerListener.log Command line argument: -Dcatalina.home=F:\shouyu
09-Jul-2018 11:58:52.288 信息 [main] org.apache.catalina.startup.VersionLoggerListener.log Command line argument: -Djava.io.tmpdir=F:\shouyu\temp
09-Jul-2018 11:58:52.289 信息 [main] org.apache.catalina.core.AprLifecycleListener.lifecycleEvent Loaded APR based Apache Tomcat Native library [1.2.16] using APR version [1.6.3].
09-Jul-2018 11:58:52.290 信息 [main] org.apache.catalina.core.AprLifecycleListener.lifecycleEvent APR capabilities: IPv6 [true], sendfile [true], accept filters [false], random [true].
09-Jul-2018 11:58:52.302 信息 [main] org.apache.catalina.core.AprLifecycleListener.lifecycleEvent APR/OpenSSL configuration: useAprConnector [false], useOpenSSL [true]
09-Jul-2018 11:58:53.459 信息 [main] org.apache.catalina.core.AprLifecycleListener.initializeSSL OpenSSL successfully initialized [OpenSSL 1.0.2m  2 Nov 2017]
09-Jul-2018 11:58:53.670 信息 [main] org.apache.coyote.AbstractProtocol.init Initializing ProtocolHandler ["http-nio-8080"]
09-Jul-2018 11:58:54.370 信息 [main] org.apache.tomcat.util.net.NioSelectorPool.getSharedSelector Using a shared selector for servlet write/read
09-Jul-2018 11:58:54.384 信息 [main] org.apache.coyote.AbstractProtocol.init Initializing ProtocolHandler ["ajp-nio-8009"]
09-Jul-2018 11:58:54.392 信息 [main] org.apache.tomcat.util.net.NioSelectorPool.getSharedSelector Using a shared selector for servlet write/read
09-Jul-2018 11:58:54.393 信息 [main] org.apache.catalina.startup.Catalina.load Initialization processed in 2579 ms
09-Jul-2018 11:58:54.449 信息 [main] org.apache.catalina.core.StandardService.startInternal Starting service [Catalina]
09-Jul-2018 11:58:54.449 信息 [main] org.apache.catalina.core.StandardEngine.startInternal Starting Servlet Engine: Apache Tomcat/8.5.31
09-Jul-2018 11:58:54.476 信息 [localhost-startStop-1] org.apache.catalina.startup.HostConfig.deployDirectory Deploying web application directory [F:\shouyu\web\ROOT]
09-Jul-2018 11:59:10.048 信息 [localhost-startStop-1] org.apache.jasper.servlet.TldScanner.scanJars At least one JAR was scanned for TLDs yet contained no TLDs. Enable debug logging for this logger for a complete list of JARs that were scanned but no TLDs were found in them. Skipping unneeded JARs during scanning can improve startup time and JSP compilation time.
09-Jul-2018 11:59:10.097 信息 [localhost-startStop-1] com.susing.core.KingleSystem.SERVER_START YacusServer starting..
09-Jul-2018 11:59:10.161 信息 [localhost-startStop-1] com.susing.core.TaskManager.runNxt 计划[com.susing.sql.GenericDataSource$Cache@c3c77b3]已经启动,下一次将在 2018-07-09 12:00:10.161 执行
09-Jul-2018 11:59:10.162 信息 [localhost-startStop-1] com.susing.sql.DataSourceFactory.loadDataSource 已注册一个连接器 name=plat;type=MYSQL(MySQL)
09-Jul-2018 11:59:10.164 信息 [localhost-startStop-1] com.susing.sql.DataSourceFactory.loadDataSource 已注册一个连接器 name=shouyu;type=MYSQL(MySQL)
09-Jul-2018 11:59:10.593 信息 [localhost-startStop-1] com.susing.core.KingleService.__start 正在启动服务:会话服务器
09-Jul-2018 11:59:10.594 信息 [localhost-startStop-1] com.susing.core.TaskManager.runNxt 计划[com.susing.core.SessionContext@68db7547]已经启动,下一次将在 2018-07-09 12:02:10.594 执行
09-Jul-2018 11:59:10.595 信息 [localhost-startStop-1] com.susing.core.KingleSystem.SERVER_START session-domain : 
09-Jul-2018 11:59:10.597 信息 [localhost-startStop-1] com.susing.core.KingleSystem.SERVER_START YacusServer init wasted in 500 millis
09-Jul-2018 11:59:11.983 信息 [localhost-startStop-1] org.apache.catalina.startup.HostConfig.deployDirectory Deployment of web application directory [F:\shouyu\web\ROOT] has finished in [17,506] ms
09-Jul-2018 11:59:11.987 信息 [main] org.apache.coyote.AbstractProtocol.start Starting ProtocolHandler ["http-nio-8080"]
09-Jul-2018 11:59:12.007 信息 [main] org.apache.coyote.AbstractProtocol.start Starting ProtocolHandler ["ajp-nio-8009"]
09-Jul-2018 11:59:12.014 信息 [main] org.apache.catalina.startup.Catalina.start Server startup in 17620 ms
09-Jul-2018 12:35:31.623 信息 [main] org.apache.catalina.startup.VersionLoggerListener.log Server version:        Apache Tomcat/8.5.31
09-Jul-2018 12:35:31.629 信息 [main] org.apache.catalina.startup.VersionLoggerListener.log Server built:          Apr 27 2018 20:24:25 UTC
09-Jul-2018 12:35:31.630 信息 [main] org.apache.catalina.startup.VersionLoggerListener.log Server number:         8.5.31.0
09-Jul-2018 12:35:31.630 信息 [main] org.apache.catalina.startup.VersionLoggerListener.log OS Name:               Windows 10
09-Jul-2018 12:35:31.630 信息 [main] org.apache.catalina.startup.VersionLoggerListener.log OS Version:            10.0
09-Jul-2018 12:35:31.630 信息 [main] org.apache.catalina.startup.VersionLoggerListener.log Architecture:          amd64
09-Jul-2018 12:35:31.631 信息 [main] org.apache.catalina.startup.VersionLoggerListener.log Java Home:             D:\platform\jdk\jre
09-Jul-2018 12:35:31.631 信息 [main] org.apache.catalina.startup.VersionLoggerListener.log JVM Version:           1.8.0_112-b15
09-Jul-2018 12:35:31.631 信息 [main] org.apache.catalina.startup.VersionLoggerListener.log JVM Vendor:            Oracle Corporation
09-Jul-2018 12:35:31.631 信息 [main] org.apache.catalina.startup.VersionLoggerListener.log CATALINA_BASE:         F:\shouyu
09-Jul-2018 12:35:31.632 信息 [main] org.apache.catalina.startup.VersionLoggerListener.log CATALINA_HOME:         F:\shouyu
09-Jul-2018 12:35:31.632 信息 [main] org.apache.catalina.startup.VersionLoggerListener.log Command line argument: -Djava.util.logging.config.file=F:\shouyu\conf\logging.properties
09-Jul-2018 12:35:31.632 信息 [main] org.apache.catalina.startup.VersionLoggerListener.log Command line argument: -Djava.util.logging.manager=org.apache.juli.ClassLoaderLogManager
09-Jul-2018 12:35:31.632 信息 [main] org.apache.catalina.startup.VersionLoggerListener.log Command line argument: -Djdk.tls.ephemeralDHKeySize=2048
09-Jul-2018 12:35:31.633 信息 [main] org.apache.catalina.startup.VersionLoggerListener.log Command line argument: -Djava.protocol.handler.pkgs=org.apache.catalina.webresources
09-Jul-2018 12:35:31.633 信息 [main] org.apache.catalina.startup.VersionLoggerListener.log Command line argument: -Dignore.endorsed.dirs=
09-Jul-2018 12:35:31.633 信息 [main] org.apache.catalina.startup.VersionLoggerListener.log Command line argument: -Dcatalina.base=F:\shouyu
09-Jul-2018 12:35:31.634 信息 [main] org.apache.catalina.startup.VersionLoggerListener.log Command line argument: -Dcatalina.home=F:\shouyu
09-Jul-2018 12:35:31.635 信息 [main] org.apache.catalina.startup.VersionLoggerListener.log Command line argument: -Djava.io.tmpdir=F:\shouyu\temp
09-Jul-2018 12:35:31.636 信息 [main] org.apache.catalina.core.AprLifecycleListener.lifecycleEvent Loaded APR based Apache Tomcat Native library [1.2.16] using APR version [1.6.3].
09-Jul-2018 12:35:31.637 信息 [main] org.apache.catalina.core.AprLifecycleListener.lifecycleEvent APR capabilities: IPv6 [true], sendfile [true], accept filters [false], random [true].
09-Jul-2018 12:35:31.639 信息 [main] org.apache.catalina.core.AprLifecycleListener.lifecycleEvent APR/OpenSSL configuration: useAprConnector [false], useOpenSSL [true]
09-Jul-2018 12:35:32.897 信息 [main] org.apache.catalina.core.AprLifecycleListener.initializeSSL OpenSSL successfully initialized [OpenSSL 1.0.2m  2 Nov 2017]
09-Jul-2018 12:35:33.171 信息 [main] org.apache.coyote.AbstractProtocol.init Initializing ProtocolHandler ["http-nio-8080"]
09-Jul-2018 12:35:34.194 信息 [main] org.apache.tomcat.util.net.NioSelectorPool.getSharedSelector Using a shared selector for servlet write/read
09-Jul-2018 12:35:34.208 信息 [main] org.apache.coyote.AbstractProtocol.init Initializing ProtocolHandler ["ajp-nio-8009"]
09-Jul-2018 12:35:34.216 信息 [main] org.apache.tomcat.util.net.NioSelectorPool.getSharedSelector Using a shared selector for servlet write/read
09-Jul-2018 12:35:34.217 信息 [main] org.apache.catalina.startup.Catalina.load Initialization processed in 3232 ms
09-Jul-2018 12:35:34.272 信息 [main] org.apache.catalina.core.StandardService.startInternal Starting service [Catalina]
09-Jul-2018 12:35:34.272 信息 [main] org.apache.catalina.core.StandardEngine.startInternal Starting Servlet Engine: Apache Tomcat/8.5.31
09-Jul-2018 12:35:34.289 信息 [localhost-startStop-1] org.apache.catalina.startup.HostConfig.deployDirectory Deploying web application directory [F:\shouyu\web\ROOT]
09-Jul-2018 12:35:50.484 信息 [localhost-startStop-1] org.apache.jasper.servlet.TldScanner.scanJars At least one JAR was scanned for TLDs yet contained no TLDs. Enable debug logging for this logger for a complete list of JARs that were scanned but no TLDs were found in them. Skipping unneeded JARs during scanning can improve startup time and JSP compilation time.
09-Jul-2018 12:35:50.519 信息 [localhost-startStop-1] com.susing.core.KingleSystem.SERVER_START YacusServer starting..
09-Jul-2018 12:35:50.589 信息 [localhost-startStop-1] com.susing.core.TaskManager.runNxt 计划[com.susing.sql.GenericDataSource$Cache@34f67718]已经启动,下一次将在 2018-07-09 12:36:50.589 执行
09-Jul-2018 12:35:50.590 信息 [localhost-startStop-1] com.susing.sql.DataSourceFactory.loadDataSource 已注册一个连接器 name=plat;type=MYSQL(MySQL)
09-Jul-2018 12:35:50.593 信息 [localhost-startStop-1] com.susing.sql.DataSourceFactory.loadDataSource 已注册一个连接器 name=shouyu;type=MYSQL(MySQL)
09-Jul-2018 12:35:51.470 信息 [localhost-startStop-1] com.susing.core.KingleService.__start 正在启动服务:会话服务器
09-Jul-2018 12:35:51.470 信息 [localhost-startStop-1] com.susing.core.TaskManager.runNxt 计划[com.susing.core.SessionContext@3a27bcbd]已经启动,下一次将在 2018-07-09 12:38:51.47 执行
09-Jul-2018 12:35:51.473 信息 [localhost-startStop-1] com.susing.core.KingleSystem.SERVER_START session-domain : 
09-Jul-2018 12:35:51.474 信息 [localhost-startStop-1] com.susing.core.KingleSystem.SERVER_START YacusServer init wasted in 955 millis
09-Jul-2018 12:35:52.843 信息 [localhost-startStop-1] org.apache.catalina.startup.HostConfig.deployDirectory Deployment of web application directory [F:\shouyu\web\ROOT] has finished in [18,553] ms
09-Jul-2018 12:35:52.848 信息 [main] org.apache.coyote.AbstractProtocol.start Starting ProtocolHandler ["http-nio-8080"]
09-Jul-2018 12:35:52.872 信息 [main] org.apache.coyote.AbstractProtocol.start Starting ProtocolHandler ["ajp-nio-8009"]
09-Jul-2018 12:35:52.877 信息 [main] org.apache.catalina.startup.Catalina.start Server startup in 18663 ms
09-Jul-2018 12:46:58.400 信息 [main] org.apache.catalina.startup.VersionLoggerListener.log Server version:        Apache Tomcat/8.5.31
09-Jul-2018 12:46:58.406 信息 [main] org.apache.catalina.startup.VersionLoggerListener.log Server built:          Apr 27 2018 20:24:25 UTC
09-Jul-2018 12:46:58.407 信息 [main] org.apache.catalina.startup.VersionLoggerListener.log Server number:         8.5.31.0
09-Jul-2018 12:46:58.407 信息 [main] org.apache.catalina.startup.VersionLoggerListener.log OS Name:               Windows 10
09-Jul-2018 12:46:58.407 信息 [main] org.apache.catalina.startup.VersionLoggerListener.log OS Version:            10.0
09-Jul-2018 12:46:58.408 信息 [main] org.apache.catalina.startup.VersionLoggerListener.log Architecture:          amd64
09-Jul-2018 12:46:58.408 信息 [main] org.apache.catalina.startup.VersionLoggerListener.log Java Home:             D:\platform\jdk\jre
09-Jul-2018 12:46:58.409 信息 [main] org.apache.catalina.startup.VersionLoggerListener.log JVM Version:           1.8.0_112-b15
09-Jul-2018 12:46:58.409 信息 [main] org.apache.catalina.startup.VersionLoggerListener.log JVM Vendor:            Oracle Corporation
09-Jul-2018 12:46:58.409 信息 [main] org.apache.catalina.startup.VersionLoggerListener.log CATALINA_BASE:         F:\shouyu
09-Jul-2018 12:46:58.410 信息 [main] org.apache.catalina.startup.VersionLoggerListener.log CATALINA_HOME:         F:\shouyu
09-Jul-2018 12:46:58.410 信息 [main] org.apache.catalina.startup.VersionLoggerListener.log Command line argument: -Djava.util.logging.config.file=F:\shouyu\conf\logging.properties
09-Jul-2018 12:46:58.411 信息 [main] org.apache.catalina.startup.VersionLoggerListener.log Command line argument: -Djava.util.logging.manager=org.apache.juli.ClassLoaderLogManager
09-Jul-2018 12:46:58.412 信息 [main] org.apache.catalina.startup.VersionLoggerListener.log Command line argument: -Djdk.tls.ephemeralDHKeySize=2048
09-Jul-2018 12:46:58.413 信息 [main] org.apache.catalina.startup.VersionLoggerListener.log Command line argument: -Djava.protocol.handler.pkgs=org.apache.catalina.webresources
09-Jul-2018 12:46:58.413 信息 [main] org.apache.catalina.startup.VersionLoggerListener.log Command line argument: -Dignore.endorsed.dirs=
09-Jul-2018 12:46:58.414 信息 [main] org.apache.catalina.startup.VersionLoggerListener.log Command line argument: -Dcatalina.base=F:\shouyu
09-Jul-2018 12:46:58.414 信息 [main] org.apache.catalina.startup.VersionLoggerListener.log Command line argument: -Dcatalina.home=F:\shouyu
09-Jul-2018 12:46:58.414 信息 [main] org.apache.catalina.startup.VersionLoggerListener.log Command line argument: -Djava.io.tmpdir=F:\shouyu\temp
09-Jul-2018 12:46:58.415 信息 [main] org.apache.catalina.core.AprLifecycleListener.lifecycleEvent Loaded APR based Apache Tomcat Native library [1.2.16] using APR version [1.6.3].
09-Jul-2018 12:46:58.427 信息 [main] org.apache.catalina.core.AprLifecycleListener.lifecycleEvent APR capabilities: IPv6 [true], sendfile [true], accept filters [false], random [true].
09-Jul-2018 12:46:58.427 信息 [main] org.apache.catalina.core.AprLifecycleListener.lifecycleEvent APR/OpenSSL configuration: useAprConnector [false], useOpenSSL [true]
09-Jul-2018 12:46:59.662 信息 [main] org.apache.catalina.core.AprLifecycleListener.initializeSSL OpenSSL successfully initialized [OpenSSL 1.0.2m  2 Nov 2017]
09-Jul-2018 12:46:59.854 信息 [main] org.apache.coyote.AbstractProtocol.init Initializing ProtocolHandler ["http-nio-8080"]
09-Jul-2018 12:47:00.608 信息 [main] org.apache.tomcat.util.net.NioSelectorPool.getSharedSelector Using a shared selector for servlet write/read
09-Jul-2018 12:47:00.618 信息 [main] org.apache.coyote.AbstractProtocol.init Initializing ProtocolHandler ["ajp-nio-8009"]
09-Jul-2018 12:47:00.625 信息 [main] org.apache.tomcat.util.net.NioSelectorPool.getSharedSelector Using a shared selector for servlet write/read
09-Jul-2018 12:47:00.625 信息 [main] org.apache.catalina.startup.Catalina.load Initialization processed in 2746 ms
09-Jul-2018 12:47:00.672 信息 [main] org.apache.catalina.core.StandardService.startInternal Starting service [Catalina]
09-Jul-2018 12:47:00.673 信息 [main] org.apache.catalina.core.StandardEngine.startInternal Starting Servlet Engine: Apache Tomcat/8.5.31
09-Jul-2018 12:47:00.694 信息 [localhost-startStop-1] org.apache.catalina.startup.HostConfig.deployDirectory Deploying web application directory [F:\shouyu\web\ROOT]
09-Jul-2018 12:47:16.091 信息 [localhost-startStop-1] org.apache.jasper.servlet.TldScanner.scanJars At least one JAR was scanned for TLDs yet contained no TLDs. Enable debug logging for this logger for a complete list of JARs that were scanned but no TLDs were found in them. Skipping unneeded JARs during scanning can improve startup time and JSP compilation time.
09-Jul-2018 12:47:16.125 信息 [localhost-startStop-1] com.susing.core.KingleSystem.SERVER_START YacusServer starting..
09-Jul-2018 12:47:16.196 信息 [localhost-startStop-1] com.susing.core.TaskManager.runNxt 计划[com.susing.sql.GenericDataSource$Cache@c3c77b3]已经启动,下一次将在 2018-07-09 12:48:16.196 执行
09-Jul-2018 12:47:16.197 信息 [localhost-startStop-1] com.susing.sql.DataSourceFactory.loadDataSource 已注册一个连接器 name=plat;type=MYSQL(MySQL)
09-Jul-2018 12:47:16.199 信息 [localhost-startStop-1] com.susing.sql.DataSourceFactory.loadDataSource 已注册一个连接器 name=shouyu;type=MYSQL(MySQL)
09-Jul-2018 12:47:16.675 信息 [localhost-startStop-1] com.susing.core.KingleService.__start 正在启动服务:会话服务器
09-Jul-2018 12:47:16.675 信息 [localhost-startStop-1] com.susing.core.TaskManager.runNxt 计划[com.susing.core.SessionContext@68db7547]已经启动,下一次将在 2018-07-09 12:50:16.675 执行
09-Jul-2018 12:47:16.677 信息 [localhost-startStop-1] com.susing.core.KingleSystem.SERVER_START session-domain : 
09-Jul-2018 12:47:16.678 信息 [localhost-startStop-1] com.susing.core.KingleSystem.SERVER_START YacusServer init wasted in 553 millis
09-Jul-2018 12:47:18.027 信息 [localhost-startStop-1] org.apache.catalina.startup.HostConfig.deployDirectory Deployment of web application directory [F:\shouyu\web\ROOT] has finished in [17,333] ms
09-Jul-2018 12:47:18.032 信息 [main] org.apache.coyote.AbstractProtocol.start Starting ProtocolHandler ["http-nio-8080"]
09-Jul-2018 12:47:18.052 信息 [main] org.apache.coyote.AbstractProtocol.start Starting ProtocolHandler ["ajp-nio-8009"]
09-Jul-2018 12:47:18.058 信息 [main] org.apache.catalina.startup.Catalina.start Server startup in 17433 ms
09-Jul-2018 12:52:15.180 信息 [main] org.apache.catalina.startup.VersionLoggerListener.log Server version:        Apache Tomcat/8.5.31
09-Jul-2018 12:52:15.185 信息 [main] org.apache.catalina.startup.VersionLoggerListener.log Server built:          Apr 27 2018 20:24:25 UTC
09-Jul-2018 12:52:15.186 信息 [main] org.apache.catalina.startup.VersionLoggerListener.log Server number:         8.5.31.0
09-Jul-2018 12:52:15.186 信息 [main] org.apache.catalina.startup.VersionLoggerListener.log OS Name:               Windows 10
09-Jul-2018 12:52:15.186 信息 [main] org.apache.catalina.startup.VersionLoggerListener.log OS Version:            10.0
09-Jul-2018 12:52:15.187 信息 [main] org.apache.catalina.startup.VersionLoggerListener.log Architecture:          amd64
09-Jul-2018 12:52:15.187 信息 [main] org.apache.catalina.startup.VersionLoggerListener.log Java Home:             D:\platform\jdk\jre
09-Jul-2018 12:52:15.187 信息 [main] org.apache.catalina.startup.VersionLoggerListener.log JVM Version:           1.8.0_112-b15
09-Jul-2018 12:52:15.187 信息 [main] org.apache.catalina.startup.VersionLoggerListener.log JVM Vendor:            Oracle Corporation
09-Jul-2018 12:52:15.188 信息 [main] org.apache.catalina.startup.VersionLoggerListener.log CATALINA_BASE:         F:\shouyu
09-Jul-2018 12:52:15.188 信息 [main] org.apache.catalina.startup.VersionLoggerListener.log CATALINA_HOME:         F:\shouyu
09-Jul-2018 12:52:15.188 信息 [main] org.apache.catalina.startup.VersionLoggerListener.log Command line argument: -Djava.util.logging.config.file=F:\shouyu\conf\logging.properties
09-Jul-2018 12:52:15.189 信息 [main] org.apache.catalina.startup.VersionLoggerListener.log Command line argument: -Djava.util.logging.manager=org.apache.juli.ClassLoaderLogManager
09-Jul-2018 12:52:15.189 信息 [main] org.apache.catalina.startup.VersionLoggerListener.log Command line argument: -Djdk.tls.ephemeralDHKeySize=2048
09-Jul-2018 12:52:15.190 信息 [main] org.apache.catalina.startup.VersionLoggerListener.log Command line argument: -Djava.protocol.handler.pkgs=org.apache.catalina.webresources
09-Jul-2018 12:52:15.190 信息 [main] org.apache.catalina.startup.VersionLoggerListener.log Command line argument: -Dignore.endorsed.dirs=
09-Jul-2018 12:52:15.190 信息 [main] org.apache.catalina.startup.VersionLoggerListener.log Command line argument: -Dcatalina.base=F:\shouyu
09-Jul-2018 12:52:15.192 信息 [main] org.apache.catalina.startup.VersionLoggerListener.log Command line argument: -Dcatalina.home=F:\shouyu
09-Jul-2018 12:52:15.193 信息 [main] org.apache.catalina.startup.VersionLoggerListener.log Command line argument: -Djava.io.tmpdir=F:\shouyu\temp
09-Jul-2018 12:52:15.193 信息 [main] org.apache.catalina.core.AprLifecycleListener.lifecycleEvent Loaded APR based Apache Tomcat Native library [1.2.16] using APR version [1.6.3].
09-Jul-2018 12:52:15.194 信息 [main] org.apache.catalina.core.AprLifecycleListener.lifecycleEvent APR capabilities: IPv6 [true], sendfile [true], accept filters [false], random [true].
09-Jul-2018 12:52:15.195 信息 [main] org.apache.catalina.core.AprLifecycleListener.lifecycleEvent APR/OpenSSL configuration: useAprConnector [false], useOpenSSL [true]
09-Jul-2018 12:52:16.314 信息 [main] org.apache.catalina.core.AprLifecycleListener.initializeSSL OpenSSL successfully initialized [OpenSSL 1.0.2m  2 Nov 2017]
09-Jul-2018 12:52:16.572 信息 [main] org.apache.coyote.AbstractProtocol.init Initializing ProtocolHandler ["http-nio-8080"]
09-Jul-2018 12:52:17.252 信息 [main] org.apache.tomcat.util.net.NioSelectorPool.getSharedSelector Using a shared selector for servlet write/read
09-Jul-2018 12:52:17.263 信息 [main] org.apache.coyote.AbstractProtocol.init Initializing ProtocolHandler ["ajp-nio-8009"]
09-Jul-2018 12:52:17.268 信息 [main] org.apache.tomcat.util.net.NioSelectorPool.getSharedSelector Using a shared selector for servlet write/read
09-Jul-2018 12:52:17.269 信息 [main] org.apache.catalina.startup.Catalina.load Initialization processed in 2628 ms
09-Jul-2018 12:52:17.319 信息 [main] org.apache.catalina.core.StandardService.startInternal Starting service [Catalina]
09-Jul-2018 12:52:17.319 信息 [main] org.apache.catalina.core.StandardEngine.startInternal Starting Servlet Engine: Apache Tomcat/8.5.31
09-Jul-2018 12:52:17.332 信息 [localhost-startStop-1] org.apache.catalina.startup.HostConfig.deployDirectory Deploying web application directory [F:\shouyu\web\ROOT]
09-Jul-2018 12:52:32.321 信息 [localhost-startStop-1] org.apache.jasper.servlet.TldScanner.scanJars At least one JAR was scanned for TLDs yet contained no TLDs. Enable debug logging for this logger for a complete list of JARs that were scanned but no TLDs were found in them. Skipping unneeded JARs during scanning can improve startup time and JSP compilation time.
09-Jul-2018 12:52:32.353 信息 [localhost-startStop-1] com.susing.core.KingleSystem.SERVER_START YacusServer starting..
09-Jul-2018 12:52:32.428 信息 [localhost-startStop-1] com.susing.core.TaskManager.runNxt 计划[com.susing.sql.GenericDataSource$Cache@c3c77b3]已经启动,下一次将在 2018-07-09 12:53:32.428 执行
09-Jul-2018 12:52:32.429 信息 [localhost-startStop-1] com.susing.sql.DataSourceFactory.loadDataSource 已注册一个连接器 name=plat;type=MYSQL(MySQL)
09-Jul-2018 12:52:32.431 信息 [localhost-startStop-1] com.susing.sql.DataSourceFactory.loadDataSource 已注册一个连接器 name=shouyu;type=MYSQL(MySQL)
09-Jul-2018 12:52:32.867 信息 [localhost-startStop-1] com.susing.core.KingleService.__start 正在启动服务:会话服务器
09-Jul-2018 12:52:32.867 信息 [localhost-startStop-1] com.susing.core.TaskManager.runNxt 计划[com.susing.core.SessionContext@68db7547]已经启动,下一次将在 2018-07-09 12:55:32.867 执行
09-Jul-2018 12:52:32.869 信息 [localhost-startStop-1] com.susing.core.KingleSystem.SERVER_START session-domain : 
09-Jul-2018 12:52:32.870 信息 [localhost-startStop-1] com.susing.core.KingleSystem.SERVER_START YacusServer init wasted in 517 millis
09-Jul-2018 12:52:34.153 信息 [localhost-startStop-1] org.apache.catalina.startup.HostConfig.deployDirectory Deployment of web application directory [F:\shouyu\web\ROOT] has finished in [16,820] ms
09-Jul-2018 12:52:34.158 信息 [main] org.apache.coyote.AbstractProtocol.start Starting ProtocolHandler ["http-nio-8080"]
09-Jul-2018 12:52:34.178 信息 [main] org.apache.coyote.AbstractProtocol.start Starting ProtocolHandler ["ajp-nio-8009"]
09-Jul-2018 12:52:34.183 信息 [main] org.apache.catalina.startup.Catalina.start Server startup in 16915 ms
09-Jul-2018 12:56:58.518 信息 [main] org.apache.catalina.startup.VersionLoggerListener.log Server version:        Apache Tomcat/8.5.31
09-Jul-2018 12:56:58.526 信息 [main] org.apache.catalina.startup.VersionLoggerListener.log Server built:          Apr 27 2018 20:24:25 UTC
09-Jul-2018 12:56:58.528 信息 [main] org.apache.catalina.startup.VersionLoggerListener.log Server number:         8.5.31.0
09-Jul-2018 12:56:58.528 信息 [main] org.apache.catalina.startup.VersionLoggerListener.log OS Name:               Windows 10
09-Jul-2018 12:56:58.529 信息 [main] org.apache.catalina.startup.VersionLoggerListener.log OS Version:            10.0
09-Jul-2018 12:56:58.530 信息 [main] org.apache.catalina.startup.VersionLoggerListener.log Architecture:          amd64
09-Jul-2018 12:56:58.530 信息 [main] org.apache.catalina.startup.VersionLoggerListener.log Java Home:             D:\platform\jdk\jre
09-Jul-2018 12:56:58.530 信息 [main] org.apache.catalina.startup.VersionLoggerListener.log JVM Version:           1.8.0_112-b15
09-Jul-2018 12:56:58.531 信息 [main] org.apache.catalina.startup.VersionLoggerListener.log JVM Vendor:            Oracle Corporation
09-Jul-2018 12:56:58.531 信息 [main] org.apache.catalina.startup.VersionLoggerListener.log CATALINA_BASE:         F:\shouyu
09-Jul-2018 12:56:58.531 信息 [main] org.apache.catalina.startup.VersionLoggerListener.log CATALINA_HOME:         F:\shouyu
09-Jul-2018 12:56:58.532 信息 [main] org.apache.catalina.startup.VersionLoggerListener.log Command line argument: -Djava.util.logging.config.file=F:\shouyu\conf\logging.properties
09-Jul-2018 12:56:58.532 信息 [main] org.apache.catalina.startup.VersionLoggerListener.log Command line argument: -Djava.util.logging.manager=org.apache.juli.ClassLoaderLogManager
09-Jul-2018 12:56:58.532 信息 [main] org.apache.catalina.startup.VersionLoggerListener.log Command line argument: -Djdk.tls.ephemeralDHKeySize=2048
09-Jul-2018 12:56:58.533 信息 [main] org.apache.catalina.startup.VersionLoggerListener.log Command line argument: -Djava.protocol.handler.pkgs=org.apache.catalina.webresources
09-Jul-2018 12:56:58.533 信息 [main] org.apache.catalina.startup.VersionLoggerListener.log Command line argument: -Dignore.endorsed.dirs=
09-Jul-2018 12:56:58.533 信息 [main] org.apache.catalina.startup.VersionLoggerListener.log Command line argument: -Dcatalina.base=F:\shouyu
09-Jul-2018 12:56:58.534 信息 [main] org.apache.catalina.startup.VersionLoggerListener.log Command line argument: -Dcatalina.home=F:\shouyu
09-Jul-2018 12:56:58.535 信息 [main] org.apache.catalina.startup.VersionLoggerListener.log Command line argument: -Djava.io.tmpdir=F:\shouyu\temp
09-Jul-2018 12:56:58.549 信息 [main] org.apache.catalina.core.AprLifecycleListener.lifecycleEvent Loaded APR based Apache Tomcat Native library [1.2.16] using APR version [1.6.3].
09-Jul-2018 12:56:58.550 信息 [main] org.apache.catalina.core.AprLifecycleListener.lifecycleEvent APR capabilities: IPv6 [true], sendfile [true], accept filters [false], random [true].
09-Jul-2018 12:56:58.551 信息 [main] org.apache.catalina.core.AprLifecycleListener.lifecycleEvent APR/OpenSSL configuration: useAprConnector [false], useOpenSSL [true]
09-Jul-2018 12:56:59.751 信息 [main] org.apache.catalina.core.AprLifecycleListener.initializeSSL OpenSSL successfully initialized [OpenSSL 1.0.2m  2 Nov 2017]
09-Jul-2018 12:56:59.950 信息 [main] org.apache.coyote.AbstractProtocol.init Initializing ProtocolHandler ["http-nio-8080"]
09-Jul-2018 12:57:00.714 信息 [main] org.apache.tomcat.util.net.NioSelectorPool.getSharedSelector Using a shared selector for servlet write/read
09-Jul-2018 12:57:00.725 信息 [main] org.apache.coyote.AbstractProtocol.init Initializing ProtocolHandler ["ajp-nio-8009"]
09-Jul-2018 12:57:00.729 信息 [main] org.apache.tomcat.util.net.NioSelectorPool.getSharedSelector Using a shared selector for servlet write/read
09-Jul-2018 12:57:00.730 信息 [main] org.apache.catalina.startup.Catalina.load Initialization processed in 2686 ms
09-Jul-2018 12:57:00.768 信息 [main] org.apache.catalina.core.StandardService.startInternal Starting service [Catalina]
09-Jul-2018 12:57:00.771 信息 [main] org.apache.catalina.core.StandardEngine.startInternal Starting Servlet Engine: Apache Tomcat/8.5.31
09-Jul-2018 12:57:00.787 信息 [localhost-startStop-1] org.apache.catalina.startup.HostConfig.deployDirectory Deploying web application directory [F:\shouyu\web\ROOT]
09-Jul-2018 12:57:16.609 信息 [localhost-startStop-1] org.apache.jasper.servlet.TldScanner.scanJars At least one JAR was scanned for TLDs yet contained no TLDs. Enable debug logging for this logger for a complete list of JARs that were scanned but no TLDs were found in them. Skipping unneeded JARs during scanning can improve startup time and JSP compilation time.
09-Jul-2018 12:57:16.642 信息 [localhost-startStop-1] com.susing.core.KingleSystem.SERVER_START YacusServer starting..
09-Jul-2018 12:57:16.702 信息 [localhost-startStop-1] com.susing.core.TaskManager.runNxt 计划[com.susing.sql.GenericDataSource$Cache@c3c77b3]已经启动,下一次将在 2018-07-09 12:58:16.702 执行
09-Jul-2018 12:57:16.704 信息 [localhost-startStop-1] com.susing.sql.DataSourceFactory.loadDataSource 已注册一个连接器 name=plat;type=MYSQL(MySQL)
09-Jul-2018 12:57:16.707 信息 [localhost-startStop-1] com.susing.sql.DataSourceFactory.loadDataSource 已注册一个连接器 name=shouyu;type=MYSQL(MySQL)
09-Jul-2018 12:57:17.102 信息 [localhost-startStop-1] com.susing.core.KingleService.__start 正在启动服务:会话服务器
09-Jul-2018 12:57:17.103 信息 [localhost-startStop-1] com.susing.core.TaskManager.runNxt 计划[com.susing.core.SessionContext@68db7547]已经启动,下一次将在 2018-07-09 13:00:17.103 执行
09-Jul-2018 12:57:17.105 信息 [localhost-startStop-1] com.susing.core.KingleSystem.SERVER_START session-domain : 
09-Jul-2018 12:57:17.106 信息 [localhost-startStop-1] com.susing.core.KingleSystem.SERVER_START YacusServer init wasted in 464 millis
09-Jul-2018 12:57:18.510 信息 [localhost-startStop-1] org.apache.catalina.startup.HostConfig.deployDirectory Deployment of web application directory [F:\shouyu\web\ROOT] has finished in [17,724] ms
09-Jul-2018 12:57:18.514 信息 [main] org.apache.coyote.AbstractProtocol.start Starting ProtocolHandler ["http-nio-8080"]
09-Jul-2018 12:57:18.529 信息 [main] org.apache.coyote.AbstractProtocol.start Starting ProtocolHandler ["ajp-nio-8009"]
09-Jul-2018 12:57:18.533 信息 [main] org.apache.catalina.startup.Catalina.start Server startup in 17805 ms
09-Jul-2018 13:09:55.825 信息 [main] org.apache.catalina.startup.VersionLoggerListener.log Server version:        Apache Tomcat/8.5.31
09-Jul-2018 13:09:55.831 信息 [main] org.apache.catalina.startup.VersionLoggerListener.log Server built:          Apr 27 2018 20:24:25 UTC
09-Jul-2018 13:09:55.832 信息 [main] org.apache.catalina.startup.VersionLoggerListener.log Server number:         8.5.31.0
09-Jul-2018 13:09:55.832 信息 [main] org.apache.catalina.startup.VersionLoggerListener.log OS Name:               Windows 10
09-Jul-2018 13:09:55.833 信息 [main] org.apache.catalina.startup.VersionLoggerListener.log OS Version:            10.0
09-Jul-2018 13:09:55.833 信息 [main] org.apache.catalina.startup.VersionLoggerListener.log Architecture:          amd64
09-Jul-2018 13:09:55.833 信息 [main] org.apache.catalina.startup.VersionLoggerListener.log Java Home:             D:\platform\jdk\jre
09-Jul-2018 13:09:55.833 信息 [main] org.apache.catalina.startup.VersionLoggerListener.log JVM Version:           1.8.0_112-b15
09-Jul-2018 13:09:55.834 信息 [main] org.apache.catalina.startup.VersionLoggerListener.log JVM Vendor:            Oracle Corporation
09-Jul-2018 13:09:55.834 信息 [main] org.apache.catalina.startup.VersionLoggerListener.log CATALINA_BASE:         F:\shouyu
09-Jul-2018 13:09:55.835 信息 [main] org.apache.catalina.startup.VersionLoggerListener.log CATALINA_HOME:         F:\shouyu
09-Jul-2018 13:09:55.836 信息 [main] org.apache.catalina.startup.VersionLoggerListener.log Command line argument: -Djava.util.logging.config.file=F:\shouyu\conf\logging.properties
09-Jul-2018 13:09:55.836 信息 [main] org.apache.catalina.startup.VersionLoggerListener.log Command line argument: -Djava.util.logging.manager=org.apache.juli.ClassLoaderLogManager
09-Jul-2018 13:09:55.836 信息 [main] org.apache.catalina.startup.VersionLoggerListener.log Command line argument: -Djdk.tls.ephemeralDHKeySize=2048
09-Jul-2018 13:09:55.836 信息 [main] org.apache.catalina.startup.VersionLoggerListener.log Command line argument: -Djava.protocol.handler.pkgs=org.apache.catalina.webresources
09-Jul-2018 13:09:55.837 信息 [main] org.apache.catalina.startup.VersionLoggerListener.log Command line argument: -Dignore.endorsed.dirs=
09-Jul-2018 13:09:55.837 信息 [main] org.apache.catalina.startup.VersionLoggerListener.log Command line argument: -Dcatalina.base=F:\shouyu
09-Jul-2018 13:09:55.838 信息 [main] org.apache.catalina.startup.VersionLoggerListener.log Command line argument: -Dcatalina.home=F:\shouyu
09-Jul-2018 13:09:55.839 信息 [main] org.apache.catalina.startup.VersionLoggerListener.log Command line argument: -Djava.io.tmpdir=F:\shouyu\temp
09-Jul-2018 13:09:55.841 信息 [main] org.apache.catalina.core.AprLifecycleListener.lifecycleEvent Loaded APR based Apache Tomcat Native library [1.2.16] using APR version [1.6.3].
09-Jul-2018 13:09:55.855 信息 [main] org.apache.catalina.core.AprLifecycleListener.lifecycleEvent APR capabilities: IPv6 [true], sendfile [true], accept filters [false], random [true].
09-Jul-2018 13:09:55.856 信息 [main] org.apache.catalina.core.AprLifecycleListener.lifecycleEvent APR/OpenSSL configuration: useAprConnector [false], useOpenSSL [true]
09-Jul-2018 13:09:57.029 信息 [main] org.apache.catalina.core.AprLifecycleListener.initializeSSL OpenSSL successfully initialized [OpenSSL 1.0.2m  2 Nov 2017]
09-Jul-2018 13:09:57.231 信息 [main] org.apache.coyote.AbstractProtocol.init Initializing ProtocolHandler ["http-nio-8080"]
09-Jul-2018 13:09:58.087 信息 [main] org.apache.tomcat.util.net.NioSelectorPool.getSharedSelector Using a shared selector for servlet write/read
09-Jul-2018 13:09:58.099 信息 [main] org.apache.coyote.AbstractProtocol.init Initializing ProtocolHandler ["ajp-nio-8009"]
09-Jul-2018 13:09:58.103 信息 [main] org.apache.tomcat.util.net.NioSelectorPool.getSharedSelector Using a shared selector for servlet write/read
09-Jul-2018 13:09:58.104 信息 [main] org.apache.catalina.startup.Catalina.load Initialization processed in 2773 ms
09-Jul-2018 13:09:58.145 信息 [main] org.apache.catalina.core.StandardService.startInternal Starting service [Catalina]
09-Jul-2018 13:09:58.146 信息 [main] org.apache.catalina.core.StandardEngine.startInternal Starting Servlet Engine: Apache Tomcat/8.5.31
09-Jul-2018 13:09:58.162 信息 [localhost-startStop-1] org.apache.catalina.startup.HostConfig.deployDirectory Deploying web application directory [F:\shouyu\web\ROOT]
09-Jul-2018 13:10:13.719 信息 [localhost-startStop-1] org.apache.jasper.servlet.TldScanner.scanJars At least one JAR was scanned for TLDs yet contained no TLDs. Enable debug logging for this logger for a complete list of JARs that were scanned but no TLDs were found in them. Skipping unneeded JARs during scanning can improve startup time and JSP compilation time.
09-Jul-2018 13:10:13.754 信息 [localhost-startStop-1] com.susing.core.KingleSystem.SERVER_START YacusServer starting..
09-Jul-2018 13:10:13.823 信息 [localhost-startStop-1] com.susing.core.TaskManager.runNxt 计划[com.susing.sql.GenericDataSource$Cache@c3c77b3]已经启动,下一次将在 2018-07-09 13:11:13.823 执行
09-Jul-2018 13:10:13.824 信息 [localhost-startStop-1] com.susing.sql.DataSourceFactory.loadDataSource 已注册一个连接器 name=plat;type=MYSQL(MySQL)
09-Jul-2018 13:10:13.827 信息 [localhost-startStop-1] com.susing.sql.DataSourceFactory.loadDataSource 已注册一个连接器 name=shouyu;type=MYSQL(MySQL)
09-Jul-2018 13:10:14.284 信息 [localhost-startStop-1] com.susing.core.KingleService.__start 正在启动服务:会话服务器
09-Jul-2018 13:10:14.285 信息 [localhost-startStop-1] com.susing.core.TaskManager.runNxt 计划[com.susing.core.SessionContext@68db7547]已经启动,下一次将在 2018-07-09 13:13:14.285 执行
09-Jul-2018 13:10:14.286 信息 [localhost-startStop-1] com.susing.core.KingleSystem.SERVER_START session-domain : 
09-Jul-2018 13:10:14.287 信息 [localhost-startStop-1] com.susing.core.KingleSystem.SERVER_START YacusServer init wasted in 533 millis
09-Jul-2018 13:10:15.644 信息 [localhost-startStop-1] org.apache.catalina.startup.HostConfig.deployDirectory Deployment of web application directory [F:\shouyu\web\ROOT] has finished in [17,481] ms
09-Jul-2018 13:10:15.651 信息 [main] org.apache.coyote.AbstractProtocol.start Starting ProtocolHandler ["http-nio-8080"]
09-Jul-2018 13:10:15.669 信息 [main] org.apache.coyote.AbstractProtocol.start Starting ProtocolHandler ["ajp-nio-8009"]
09-Jul-2018 13:10:15.675 信息 [main] org.apache.catalina.startup.Catalina.start Server startup in 17573 ms
09-Jul-2018 14:37:24.232 信息 [main] org.apache.catalina.startup.VersionLoggerListener.log Server version:        Apache Tomcat/8.5.31
09-Jul-2018 14:37:24.237 信息 [main] org.apache.catalina.startup.VersionLoggerListener.log Server built:          Apr 27 2018 20:24:25 UTC
09-Jul-2018 14:37:24.238 信息 [main] org.apache.catalina.startup.VersionLoggerListener.log Server number:         8.5.31.0
09-Jul-2018 14:37:24.238 信息 [main] org.apache.catalina.startup.VersionLoggerListener.log OS Name:               Windows 10
09-Jul-2018 14:37:24.239 信息 [main] org.apache.catalina.startup.VersionLoggerListener.log OS Version:            10.0
09-Jul-2018 14:37:24.239 信息 [main] org.apache.catalina.startup.VersionLoggerListener.log Architecture:          amd64
09-Jul-2018 14:37:24.239 信息 [main] org.apache.catalina.startup.VersionLoggerListener.log Java Home:             D:\platform\jdk\jre
09-Jul-2018 14:37:24.240 信息 [main] org.apache.catalina.startup.VersionLoggerListener.log JVM Version:           1.8.0_112-b15
09-Jul-2018 14:37:24.240 信息 [main] org.apache.catalina.startup.VersionLoggerListener.log JVM Vendor:            Oracle Corporation
09-Jul-2018 14:37:24.240 信息 [main] org.apache.catalina.startup.VersionLoggerListener.log CATALINA_BASE:         F:\shouyu
09-Jul-2018 14:37:24.241 信息 [main] org.apache.catalina.startup.VersionLoggerListener.log CATALINA_HOME:         F:\shouyu
09-Jul-2018 14:37:24.241 信息 [main] org.apache.catalina.startup.VersionLoggerListener.log Command line argument: -Djava.util.logging.config.file=F:\shouyu\conf\logging.properties
09-Jul-2018 14:37:24.241 信息 [main] org.apache.catalina.startup.VersionLoggerListener.log Command line argument: -Djava.util.logging.manager=org.apache.juli.ClassLoaderLogManager
09-Jul-2018 14:37:24.242 信息 [main] org.apache.catalina.startup.VersionLoggerListener.log Command line argument: -Djdk.tls.ephemeralDHKeySize=2048
09-Jul-2018 14:37:24.242 信息 [main] org.apache.catalina.startup.VersionLoggerListener.log Command line argument: -Djava.protocol.handler.pkgs=org.apache.catalina.webresources
09-Jul-2018 14:37:24.242 信息 [main] org.apache.catalina.startup.VersionLoggerListener.log Command line argument: -Dignore.endorsed.dirs=
09-Jul-2018 14:37:24.242 信息 [main] org.apache.catalina.startup.VersionLoggerListener.log Command line argument: -Dcatalina.base=F:\shouyu
09-Jul-2018 14:37:24.244 信息 [main] org.apache.catalina.startup.VersionLoggerListener.log Command line argument: -Dcatalina.home=F:\shouyu
09-Jul-2018 14:37:24.246 信息 [main] org.apache.catalina.startup.VersionLoggerListener.log Command line argument: -Djava.io.tmpdir=F:\shouyu\temp
09-Jul-2018 14:37:24.247 信息 [main] org.apache.catalina.core.AprLifecycleListener.lifecycleEvent Loaded APR based Apache Tomcat Native library [1.2.16] using APR version [1.6.3].
09-Jul-2018 14:37:24.261 信息 [main] org.apache.catalina.core.AprLifecycleListener.lifecycleEvent APR capabilities: IPv6 [true], sendfile [true], accept filters [false], random [true].
09-Jul-2018 14:37:24.262 信息 [main] org.apache.catalina.core.AprLifecycleListener.lifecycleEvent APR/OpenSSL configuration: useAprConnector [false], useOpenSSL [true]
09-Jul-2018 14:37:25.522 信息 [main] org.apache.catalina.core.AprLifecycleListener.initializeSSL OpenSSL successfully initialized [OpenSSL 1.0.2m  2 Nov 2017]
09-Jul-2018 14:37:25.741 信息 [main] org.apache.coyote.AbstractProtocol.init Initializing ProtocolHandler ["http-nio-8080"]
09-Jul-2018 14:37:26.436 信息 [main] org.apache.tomcat.util.net.NioSelectorPool.getSharedSelector Using a shared selector for servlet write/read
09-Jul-2018 14:37:26.445 信息 [main] org.apache.coyote.AbstractProtocol.init Initializing ProtocolHandler ["ajp-nio-8009"]
09-Jul-2018 14:37:26.451 信息 [main] org.apache.tomcat.util.net.NioSelectorPool.getSharedSelector Using a shared selector for servlet write/read
09-Jul-2018 14:37:26.453 信息 [main] org.apache.catalina.startup.Catalina.load Initialization processed in 2738 ms
09-Jul-2018 14:37:26.519 信息 [main] org.apache.catalina.core.StandardService.startInternal Starting service [Catalina]
09-Jul-2018 14:37:26.520 信息 [main] org.apache.catalina.core.StandardEngine.startInternal Starting Servlet Engine: Apache Tomcat/8.5.31
09-Jul-2018 14:37:26.546 信息 [localhost-startStop-1] org.apache.catalina.startup.HostConfig.deployDirectory Deploying web application directory [F:\shouyu\web\ROOT]
09-Jul-2018 14:37:44.030 信息 [localhost-startStop-1] org.apache.jasper.servlet.TldScanner.scanJars At least one JAR was scanned for TLDs yet contained no TLDs. Enable debug logging for this logger for a complete list of JARs that were scanned but no TLDs were found in them. Skipping unneeded JARs during scanning can improve startup time and JSP compilation time.
09-Jul-2018 14:37:44.070 信息 [localhost-startStop-1] com.susing.core.KingleSystem.SERVER_START YacusServer starting..
09-Jul-2018 14:37:44.138 信息 [localhost-startStop-1] com.susing.core.TaskManager.runNxt 计划[com.susing.sql.GenericDataSource$Cache@c3c77b3]已经启动,下一次将在 2018-07-09 14:38:44.138 执行
09-Jul-2018 14:37:44.139 信息 [localhost-startStop-1] com.susing.sql.DataSourceFactory.loadDataSource 已注册一个连接器 name=plat;type=MYSQL(MySQL)
09-Jul-2018 14:37:44.141 信息 [localhost-startStop-1] com.susing.sql.DataSourceFactory.loadDataSource 已注册一个连接器 name=shouyu;type=MYSQL(MySQL)
09-Jul-2018 14:37:44.737 信息 [localhost-startStop-1] com.susing.core.KingleService.__start 正在启动服务:会话服务器
09-Jul-2018 14:37:44.738 信息 [localhost-startStop-1] com.susing.core.TaskManager.runNxt 计划[com.susing.core.SessionContext@68db7547]已经启动,下一次将在 2018-07-09 14:40:44.738 执行
09-Jul-2018 14:37:44.739 信息 [localhost-startStop-1] com.susing.core.KingleSystem.SERVER_START session-domain : 
09-Jul-2018 14:37:44.740 信息 [localhost-startStop-1] com.susing.core.KingleSystem.SERVER_START YacusServer init wasted in 670 millis
09-Jul-2018 14:37:46.221 信息 [localhost-startStop-1] org.apache.catalina.startup.HostConfig.deployDirectory Deployment of web application directory [F:\shouyu\web\ROOT] has finished in [19,674] ms
09-Jul-2018 14:37:46.230 信息 [main] org.apache.coyote.AbstractProtocol.start Starting ProtocolHandler ["http-nio-8080"]
09-Jul-2018 14:37:46.246 信息 [main] org.apache.coyote.AbstractProtocol.start Starting ProtocolHandler ["ajp-nio-8009"]
09-Jul-2018 14:37:46.253 信息 [main] org.apache.catalina.startup.Catalina.start Server startup in 19793 ms
09-Jul-2018 14:39:42.271 信息 [main] org.apache.catalina.startup.VersionLoggerListener.log Server version:        Apache Tomcat/8.5.31
09-Jul-2018 14:39:42.277 信息 [main] org.apache.catalina.startup.VersionLoggerListener.log Server built:          Apr 27 2018 20:24:25 UTC
09-Jul-2018 14:39:42.279 信息 [main] org.apache.catalina.startup.VersionLoggerListener.log Server number:         8.5.31.0
09-Jul-2018 14:39:42.280 信息 [main] org.apache.catalina.startup.VersionLoggerListener.log OS Name:               Windows 10
09-Jul-2018 14:39:42.281 信息 [main] org.apache.catalina.startup.VersionLoggerListener.log OS Version:            10.0
09-Jul-2018 14:39:42.281 信息 [main] org.apache.catalina.startup.VersionLoggerListener.log Architecture:          amd64
09-Jul-2018 14:39:42.281 信息 [main] org.apache.catalina.startup.VersionLoggerListener.log Java Home:             D:\platform\jdk\jre
09-Jul-2018 14:39:42.281 信息 [main] org.apache.catalina.startup.VersionLoggerListener.log JVM Version:           1.8.0_112-b15
09-Jul-2018 14:39:42.282 信息 [main] org.apache.catalina.startup.VersionLoggerListener.log JVM Vendor:            Oracle Corporation
09-Jul-2018 14:39:42.282 信息 [main] org.apache.catalina.startup.VersionLoggerListener.log CATALINA_BASE:         F:\shouyu
09-Jul-2018 14:39:42.282 信息 [main] org.apache.catalina.startup.VersionLoggerListener.log CATALINA_HOME:         F:\shouyu
09-Jul-2018 14:39:42.283 信息 [main] org.apache.catalina.startup.VersionLoggerListener.log Command line argument: -Djava.util.logging.config.file=F:\shouyu\conf\logging.properties
09-Jul-2018 14:39:42.283 信息 [main] org.apache.catalina.startup.VersionLoggerListener.log Command line argument: -Djava.util.logging.manager=org.apache.juli.ClassLoaderLogManager
09-Jul-2018 14:39:42.283 信息 [main] org.apache.catalina.startup.VersionLoggerListener.log Command line argument: -Djdk.tls.ephemeralDHKeySize=2048
09-Jul-2018 14:39:42.283 信息 [main] org.apache.catalina.startup.VersionLoggerListener.log Command line argument: -Djava.protocol.handler.pkgs=org.apache.catalina.webresources
09-Jul-2018 14:39:42.284 信息 [main] org.apache.catalina.startup.VersionLoggerListener.log Command line argument: -Dignore.endorsed.dirs=
09-Jul-2018 14:39:42.284 信息 [main] org.apache.catalina.startup.VersionLoggerListener.log Command line argument: -Dcatalina.base=F:\shouyu
09-Jul-2018 14:39:42.285 信息 [main] org.apache.catalina.startup.VersionLoggerListener.log Command line argument: -Dcatalina.home=F:\shouyu
09-Jul-2018 14:39:42.286 信息 [main] org.apache.catalina.startup.VersionLoggerListener.log Command line argument: -Djava.io.tmpdir=F:\shouyu\temp
09-Jul-2018 14:39:42.287 信息 [main] org.apache.catalina.core.AprLifecycleListener.lifecycleEvent Loaded APR based Apache Tomcat Native library [1.2.16] using APR version [1.6.3].
09-Jul-2018 14:39:42.297 信息 [main] org.apache.catalina.core.AprLifecycleListener.lifecycleEvent APR capabilities: IPv6 [true], sendfile [true], accept filters [false], random [true].
09-Jul-2018 14:39:42.298 信息 [main] org.apache.catalina.core.AprLifecycleListener.lifecycleEvent APR/OpenSSL configuration: useAprConnector [false], useOpenSSL [true]
09-Jul-2018 14:39:43.532 信息 [main] org.apache.catalina.core.AprLifecycleListener.initializeSSL OpenSSL successfully initialized [OpenSSL 1.0.2m  2 Nov 2017]
09-Jul-2018 14:39:43.721 信息 [main] org.apache.coyote.AbstractProtocol.init Initializing ProtocolHandler ["http-nio-8080"]
09-Jul-2018 14:39:44.488 信息 [main] org.apache.tomcat.util.net.NioSelectorPool.getSharedSelector Using a shared selector for servlet write/read
09-Jul-2018 14:39:44.497 信息 [main] org.apache.coyote.AbstractProtocol.init Initializing ProtocolHandler ["ajp-nio-8009"]
09-Jul-2018 14:39:44.501 信息 [main] org.apache.tomcat.util.net.NioSelectorPool.getSharedSelector Using a shared selector for servlet write/read
09-Jul-2018 14:39:44.502 信息 [main] org.apache.catalina.startup.Catalina.load Initialization processed in 2710 ms
09-Jul-2018 14:39:44.541 信息 [main] org.apache.catalina.core.StandardService.startInternal Starting service [Catalina]
09-Jul-2018 14:39:44.542 信息 [main] org.apache.catalina.core.StandardEngine.startInternal Starting Servlet Engine: Apache Tomcat/8.5.31
09-Jul-2018 14:39:44.557 信息 [localhost-startStop-1] org.apache.catalina.startup.HostConfig.deployDirectory Deploying web application directory [F:\shouyu\web\ROOT]
09-Jul-2018 14:40:01.292 信息 [localhost-startStop-1] org.apache.jasper.servlet.TldScanner.scanJars At least one JAR was scanned for TLDs yet contained no TLDs. Enable debug logging for this logger for a complete list of JARs that were scanned but no TLDs were found in them. Skipping unneeded JARs during scanning can improve startup time and JSP compilation time.
09-Jul-2018 14:40:01.329 信息 [localhost-startStop-1] com.susing.core.KingleSystem.SERVER_START YacusServer starting..
09-Jul-2018 14:40:01.402 信息 [localhost-startStop-1] com.susing.core.TaskManager.runNxt 计划[com.susing.sql.GenericDataSource$Cache@c3c77b3]已经启动,下一次将在 2018-07-09 14:41:01.402 执行
09-Jul-2018 14:40:01.402 信息 [localhost-startStop-1] com.susing.sql.DataSourceFactory.loadDataSource 已注册一个连接器 name=plat;type=MYSQL(MySQL)
09-Jul-2018 14:40:01.405 信息 [localhost-startStop-1] com.susing.sql.DataSourceFactory.loadDataSource 已注册一个连接器 name=shouyu;type=MYSQL(MySQL)
09-Jul-2018 14:40:01.827 信息 [localhost-startStop-1] com.susing.core.KingleService.__start 正在启动服务:会话服务器
09-Jul-2018 14:40:01.828 信息 [localhost-startStop-1] com.susing.core.TaskManager.runNxt 计划[com.susing.core.SessionContext@68db7547]已经启动,下一次将在 2018-07-09 14:43:01.828 执行
09-Jul-2018 14:40:01.830 信息 [localhost-startStop-1] com.susing.core.KingleSystem.SERVER_START session-domain : 
09-Jul-2018 14:40:01.831 信息 [localhost-startStop-1] com.susing.core.KingleSystem.SERVER_START YacusServer init wasted in 502 millis
09-Jul-2018 14:40:03.189 信息 [localhost-startStop-1] org.apache.catalina.startup.HostConfig.deployDirectory Deployment of web application directory [F:\shouyu\web\ROOT] has finished in [18,630] ms
09-Jul-2018 14:40:03.195 信息 [main] org.apache.coyote.AbstractProtocol.start Starting ProtocolHandler ["http-nio-8080"]
09-Jul-2018 14:40:03.212 信息 [main] org.apache.coyote.AbstractProtocol.start Starting ProtocolHandler ["ajp-nio-8009"]
09-Jul-2018 14:40:03.217 信息 [main] org.apache.catalina.startup.Catalina.start Server startup in 18714 ms
09-Jul-2018 18:37:29.567 信息 [main] org.apache.catalina.startup.VersionLoggerListener.log Server version:        Apache Tomcat/8.5.31
09-Jul-2018 18:37:29.573 信息 [main] org.apache.catalina.startup.VersionLoggerListener.log Server built:          Apr 27 2018 20:24:25 UTC
09-Jul-2018 18:37:29.575 信息 [main] org.apache.catalina.startup.VersionLoggerListener.log Server number:         8.5.31.0
09-Jul-2018 18:37:29.575 信息 [main] org.apache.catalina.startup.VersionLoggerListener.log OS Name:               Windows 10
09-Jul-2018 18:37:29.575 信息 [main] org.apache.catalina.startup.VersionLoggerListener.log OS Version:            10.0
09-Jul-2018 18:37:29.575 信息 [main] org.apache.catalina.startup.VersionLoggerListener.log Architecture:          amd64
09-Jul-2018 18:37:29.575 信息 [main] org.apache.catalina.startup.VersionLoggerListener.log Java Home:             D:\platform\jdk\jre
09-Jul-2018 18:37:29.576 信息 [main] org.apache.catalina.startup.VersionLoggerListener.log JVM Version:           1.8.0_112-b15
09-Jul-2018 18:37:29.576 信息 [main] org.apache.catalina.startup.VersionLoggerListener.log JVM Vendor:            Oracle Corporation
09-Jul-2018 18:37:29.576 信息 [main] org.apache.catalina.startup.VersionLoggerListener.log CATALINA_BASE:         F:\shouyu
09-Jul-2018 18:37:29.577 信息 [main] org.apache.catalina.startup.VersionLoggerListener.log CATALINA_HOME:         F:\shouyu
09-Jul-2018 18:37:29.577 信息 [main] org.apache.catalina.startup.VersionLoggerListener.log Command line argument: -Djava.util.logging.config.file=F:\shouyu\conf\logging.properties
09-Jul-2018 18:37:29.578 信息 [main] org.apache.catalina.startup.VersionLoggerListener.log Command line argument: -Djava.util.logging.manager=org.apache.juli.ClassLoaderLogManager
09-Jul-2018 18:37:29.578 信息 [main] org.apache.catalina.startup.VersionLoggerListener.log Command line argument: -Djdk.tls.ephemeralDHKeySize=2048
09-Jul-2018 18:37:29.578 信息 [main] org.apache.catalina.startup.VersionLoggerListener.log Command line argument: -Djava.protocol.handler.pkgs=org.apache.catalina.webresources
09-Jul-2018 18:37:29.579 信息 [main] org.apache.catalina.startup.VersionLoggerListener.log Command line argument: -Dignore.endorsed.dirs=
09-Jul-2018 18:37:29.579 信息 [main] org.apache.catalina.startup.VersionLoggerListener.log Command line argument: -Dcatalina.base=F:\shouyu
09-Jul-2018 18:37:29.581 信息 [main] org.apache.catalina.startup.VersionLoggerListener.log Command line argument: -Dcatalina.home=F:\shouyu
09-Jul-2018 18:37:29.581 信息 [main] org.apache.catalina.startup.VersionLoggerListener.log Command line argument: -Djava.io.tmpdir=F:\shouyu\temp
09-Jul-2018 18:37:29.582 信息 [main] org.apache.catalina.core.AprLifecycleListener.lifecycleEvent Loaded APR based Apache Tomcat Native library [1.2.16] using APR version [1.6.3].
09-Jul-2018 18:37:29.594 信息 [main] org.apache.catalina.core.AprLifecycleListener.lifecycleEvent APR capabilities: IPv6 [true], sendfile [true], accept filters [false], random [true].
09-Jul-2018 18:37:29.596 信息 [main] org.apache.catalina.core.AprLifecycleListener.lifecycleEvent APR/OpenSSL configuration: useAprConnector [false], useOpenSSL [true]
09-Jul-2018 18:37:30.770 信息 [main] org.apache.catalina.core.AprLifecycleListener.initializeSSL OpenSSL successfully initialized [OpenSSL 1.0.2m  2 Nov 2017]
09-Jul-2018 18:37:30.980 信息 [main] org.apache.coyote.AbstractProtocol.init Initializing ProtocolHandler ["http-nio-8080"]
09-Jul-2018 18:37:31.703 信息 [main] org.apache.tomcat.util.net.NioSelectorPool.getSharedSelector Using a shared selector for servlet write/read
09-Jul-2018 18:37:31.717 信息 [main] org.apache.coyote.AbstractProtocol.init Initializing ProtocolHandler ["ajp-nio-8009"]
09-Jul-2018 18:37:31.723 信息 [main] org.apache.tomcat.util.net.NioSelectorPool.getSharedSelector Using a shared selector for servlet write/read
09-Jul-2018 18:37:31.724 信息 [main] org.apache.catalina.startup.Catalina.load Initialization processed in 2620 ms
09-Jul-2018 18:37:31.777 信息 [main] org.apache.catalina.core.StandardService.startInternal Starting service [Catalina]
09-Jul-2018 18:37:31.778 信息 [main] org.apache.catalina.core.StandardEngine.startInternal Starting Servlet Engine: Apache Tomcat/8.5.31
09-Jul-2018 18:37:31.793 信息 [localhost-startStop-1] org.apache.catalina.startup.HostConfig.deployDirectory Deploying web application directory [F:\shouyu\web\ROOT]
09-Jul-2018 18:37:49.775 信息 [localhost-startStop-1] org.apache.jasper.servlet.TldScanner.scanJars At least one JAR was scanned for TLDs yet contained no TLDs. Enable debug logging for this logger for a complete list of JARs that were scanned but no TLDs were found in them. Skipping unneeded JARs during scanning can improve startup time and JSP compilation time.
09-Jul-2018 18:37:49.809 信息 [localhost-startStop-1] com.susing.core.KingleSystem.SERVER_START YacusServer starting..
09-Jul-2018 18:37:49.885 信息 [localhost-startStop-1] com.susing.core.TaskManager.runNxt 计划[com.susing.sql.GenericDataSource$Cache@17b3aede]已经启动,下一次将在 2018-07-09 18:38:49.884 执行
09-Jul-2018 18:37:49.885 信息 [localhost-startStop-1] com.susing.sql.DataSourceFactory.loadDataSource 已注册一个连接器 name=plat;type=MYSQL(MySQL)
09-Jul-2018 18:37:49.887 信息 [localhost-startStop-1] com.susing.sql.DataSourceFactory.loadDataSource 已注册一个连接器 name=shouyu;type=MYSQL(MySQL)
09-Jul-2018 18:37:50.373 信息 [localhost-startStop-1] com.susing.core.KingleService.__start 正在启动服务:会话服务器
09-Jul-2018 18:37:50.374 信息 [localhost-startStop-1] com.susing.core.TaskManager.runNxt 计划[com.susing.core.SessionContext@2297e38b]已经启动,下一次将在 2018-07-09 18:40:50.374 执行
09-Jul-2018 18:37:50.375 信息 [localhost-startStop-1] com.susing.core.KingleSystem.SERVER_START session-domain : 
09-Jul-2018 18:37:50.376 信息 [localhost-startStop-1] com.susing.core.KingleSystem.SERVER_START YacusServer init wasted in 567 millis
09-Jul-2018 18:37:51.792 信息 [localhost-startStop-1] org.apache.catalina.startup.HostConfig.deployDirectory Deployment of web application directory [F:\shouyu\web\ROOT] has finished in [20,000] ms
09-Jul-2018 18:37:51.798 信息 [main] org.apache.coyote.AbstractProtocol.start Starting ProtocolHandler ["http-nio-8080"]
09-Jul-2018 18:37:51.820 信息 [main] org.apache.coyote.AbstractProtocol.start Starting ProtocolHandler ["ajp-nio-8009"]
09-Jul-2018 18:37:51.829 信息 [main] org.apache.catalina.startup.Catalina.start Server startup in 20100 ms
