05-Aug-2018 10:16:27.279 信息 [main] org.apache.catalina.startup.VersionLoggerListener.log Server version:        Apache Tomcat/8.5.31
05-Aug-2018 10:16:27.289 信息 [main] org.apache.catalina.startup.VersionLoggerListener.log Server built:          Apr 27 2018 20:24:25 UTC
05-Aug-2018 10:16:27.293 信息 [main] org.apache.catalina.startup.VersionLoggerListener.log Server number:         8.5.31.0
05-Aug-2018 10:16:27.293 信息 [main] org.apache.catalina.startup.VersionLoggerListener.log OS Name:               Windows 10
05-Aug-2018 10:16:27.294 信息 [main] org.apache.catalina.startup.VersionLoggerListener.log OS Version:            10.0
05-Aug-2018 10:16:27.294 信息 [main] org.apache.catalina.startup.VersionLoggerListener.log Architecture:          amd64
05-Aug-2018 10:16:27.294 信息 [main] org.apache.catalina.startup.VersionLoggerListener.log Java Home:             D:\platform\jdk\jre
05-Aug-2018 10:16:27.294 信息 [main] org.apache.catalina.startup.VersionLoggerListener.log JVM Version:           1.8.0_112-b15
05-Aug-2018 10:16:27.295 信息 [main] org.apache.catalina.startup.VersionLoggerListener.log JVM Vendor:            Oracle Corporation
05-Aug-2018 10:16:27.295 信息 [main] org.apache.catalina.startup.VersionLoggerListener.log CATALINA_BASE:         F:\shouyu
05-Aug-2018 10:16:27.295 信息 [main] org.apache.catalina.startup.VersionLoggerListener.log CATALINA_HOME:         F:\shouyu
05-Aug-2018 10:16:27.296 信息 [main] org.apache.catalina.startup.VersionLoggerListener.log Command line argument: -Djava.util.logging.config.file=F:\shouyu\conf\logging.properties
05-Aug-2018 10:16:27.296 信息 [main] org.apache.catalina.startup.VersionLoggerListener.log Command line argument: -Djava.util.logging.manager=org.apache.juli.ClassLoaderLogManager
05-Aug-2018 10:16:27.296 信息 [main] org.apache.catalina.startup.VersionLoggerListener.log Command line argument: -Djdk.tls.ephemeralDHKeySize=2048
05-Aug-2018 10:16:27.297 信息 [main] org.apache.catalina.startup.VersionLoggerListener.log Command line argument: -Djava.protocol.handler.pkgs=org.apache.catalina.webresources
05-Aug-2018 10:16:27.297 信息 [main] org.apache.catalina.startup.VersionLoggerListener.log Command line argument: -Dignore.endorsed.dirs=
05-Aug-2018 10:16:27.297 信息 [main] org.apache.catalina.startup.VersionLoggerListener.log Command line argument: -Dcatalina.base=F:\shouyu
05-Aug-2018 10:16:27.298 信息 [main] org.apache.catalina.startup.VersionLoggerListener.log Command line argument: -Dcatalina.home=F:\shouyu
05-Aug-2018 10:16:27.299 信息 [main] org.apache.catalina.startup.VersionLoggerListener.log Command line argument: -Djava.io.tmpdir=F:\shouyu\temp
05-Aug-2018 10:16:27.300 信息 [main] org.apache.catalina.core.AprLifecycleListener.lifecycleEvent Loaded APR based Apache Tomcat Native library [1.2.16] using APR version [1.6.3].
05-Aug-2018 10:16:27.311 信息 [main] org.apache.catalina.core.AprLifecycleListener.lifecycleEvent APR capabilities: IPv6 [true], sendfile [true], accept filters [false], random [true].
05-Aug-2018 10:16:27.312 信息 [main] org.apache.catalina.core.AprLifecycleListener.lifecycleEvent APR/OpenSSL configuration: useAprConnector [false], useOpenSSL [true]
05-Aug-2018 10:16:28.379 信息 [main] org.apache.catalina.core.AprLifecycleListener.initializeSSL OpenSSL successfully initialized [OpenSSL 1.0.2m  2 Nov 2017]
05-Aug-2018 10:16:28.670 信息 [main] org.apache.coyote.AbstractProtocol.init Initializing ProtocolHandler ["http-nio-8080"]
05-Aug-2018 10:16:29.372 信息 [main] org.apache.tomcat.util.net.NioSelectorPool.getSharedSelector Using a shared selector for servlet write/read
05-Aug-2018 10:16:29.384 信息 [main] org.apache.coyote.AbstractProtocol.init Initializing ProtocolHandler ["ajp-nio-8009"]
05-Aug-2018 10:16:29.389 信息 [main] org.apache.tomcat.util.net.NioSelectorPool.getSharedSelector Using a shared selector for servlet write/read
05-Aug-2018 10:16:29.390 信息 [main] org.apache.catalina.startup.Catalina.load Initialization processed in 2711 ms
05-Aug-2018 10:16:29.444 信息 [main] org.apache.catalina.core.StandardService.startInternal Starting service [Catalina]
05-Aug-2018 10:16:29.444 信息 [main] org.apache.catalina.core.StandardEngine.startInternal Starting Servlet Engine: Apache Tomcat/8.5.31
05-Aug-2018 10:16:29.460 信息 [localhost-startStop-1] org.apache.catalina.startup.HostConfig.deployDirectory Deploying web application directory [F:\shouyu\web\ROOT]
05-Aug-2018 10:16:45.566 信息 [localhost-startStop-1] org.apache.jasper.servlet.TldScanner.scanJars At least one JAR was scanned for TLDs yet contained no TLDs. Enable debug logging for this logger for a complete list of JARs that were scanned but no TLDs were found in them. Skipping unneeded JARs during scanning can improve startup time and JSP compilation time.
05-Aug-2018 10:16:45.606 信息 [localhost-startStop-1] com.susing.core.KingleSystem.SERVER_START YacusServer starting..
05-Aug-2018 10:16:45.676 信息 [localhost-startStop-1] com.susing.core.TaskManager.runNxt 计划[com.susing.sql.GenericDataSource$Cache@c3c77b3]已经启动,下一次将在 2018-08-05 10:17:45.676 执行
05-Aug-2018 10:16:45.677 信息 [localhost-startStop-1] com.susing.sql.DataSourceFactory.loadDataSource 已注册一个连接器 name=plat;type=MYSQL(MySQL)
05-Aug-2018 10:16:45.684 信息 [localhost-startStop-1] com.susing.sql.DataSourceFactory.loadDataSource 已注册一个连接器 name=shouyu;type=MYSQL(MySQL)
05-Aug-2018 10:16:46.154 信息 [localhost-startStop-1] com.susing.core.KingleService.__start 正在启动服务:会话服务器
05-Aug-2018 10:16:46.154 信息 [localhost-startStop-1] com.susing.core.TaskManager.runNxt 计划[com.susing.core.SessionContext@68db7547]已经启动,下一次将在 2018-08-05 10:19:46.154 执行
05-Aug-2018 10:16:46.159 信息 [localhost-startStop-1] com.susing.core.KingleSystem.SERVER_START session-domain : 
05-Aug-2018 10:16:46.160 信息 [localhost-startStop-1] com.susing.core.KingleSystem.SERVER_START YacusServer init wasted in 555 millis
05-Aug-2018 10:16:47.562 信息 [localhost-startStop-1] org.apache.catalina.startup.HostConfig.deployDirectory Deployment of web application directory [F:\shouyu\web\ROOT] has finished in [18,101] ms
05-Aug-2018 10:16:47.569 信息 [main] org.apache.coyote.AbstractProtocol.start Starting ProtocolHandler ["http-nio-8080"]
05-Aug-2018 10:16:47.586 信息 [main] org.apache.coyote.AbstractProtocol.start Starting ProtocolHandler ["ajp-nio-8009"]
05-Aug-2018 10:16:47.591 信息 [main] org.apache.catalina.startup.Catalina.start Server startup in 18200 ms
