10-Aug-2018 11:29:20.725 信息 [main] org.apache.catalina.startup.VersionLoggerListener.log Server version:        Apache Tomcat/8.5.31
10-Aug-2018 11:29:20.732 信息 [main] org.apache.catalina.startup.VersionLoggerListener.log Server built:          Apr 27 2018 20:24:25 UTC
10-Aug-2018 11:29:20.732 信息 [main] org.apache.catalina.startup.VersionLoggerListener.log Server number:         8.5.31.0
10-Aug-2018 11:29:20.733 信息 [main] org.apache.catalina.startup.VersionLoggerListener.log OS Name:               Windows 10
10-Aug-2018 11:29:20.733 信息 [main] org.apache.catalina.startup.VersionLoggerListener.log OS Version:            10.0
10-Aug-2018 11:29:20.733 信息 [main] org.apache.catalina.startup.VersionLoggerListener.log Architecture:          amd64
10-Aug-2018 11:29:20.733 信息 [main] org.apache.catalina.startup.VersionLoggerListener.log Java Home:             D:\platform\jdk\jre
10-Aug-2018 11:29:20.734 信息 [main] org.apache.catalina.startup.VersionLoggerListener.log JVM Version:           1.8.0_112-b15
10-Aug-2018 11:29:20.734 信息 [main] org.apache.catalina.startup.VersionLoggerListener.log JVM Vendor:            Oracle Corporation
10-Aug-2018 11:29:20.734 信息 [main] org.apache.catalina.startup.VersionLoggerListener.log CATALINA_BASE:         F:\shouyu
10-Aug-2018 11:29:20.734 信息 [main] org.apache.catalina.startup.VersionLoggerListener.log CATALINA_HOME:         F:\shouyu
10-Aug-2018 11:29:20.735 信息 [main] org.apache.catalina.startup.VersionLoggerListener.log Command line argument: -Djava.util.logging.config.file=F:\shouyu\conf\logging.properties
10-Aug-2018 11:29:20.735 信息 [main] org.apache.catalina.startup.VersionLoggerListener.log Command line argument: -Djava.util.logging.manager=org.apache.juli.ClassLoaderLogManager
10-Aug-2018 11:29:20.735 信息 [main] org.apache.catalina.startup.VersionLoggerListener.log Command line argument: -Djdk.tls.ephemeralDHKeySize=2048
10-Aug-2018 11:29:20.735 信息 [main] org.apache.catalina.startup.VersionLoggerListener.log Command line argument: -Djava.protocol.handler.pkgs=org.apache.catalina.webresources
10-Aug-2018 11:29:20.735 信息 [main] org.apache.catalina.startup.VersionLoggerListener.log Command line argument: -Dignore.endorsed.dirs=
10-Aug-2018 11:29:20.736 信息 [main] org.apache.catalina.startup.VersionLoggerListener.log Command line argument: -Dcatalina.base=F:\shouyu
10-Aug-2018 11:29:20.737 信息 [main] org.apache.catalina.startup.VersionLoggerListener.log Command line argument: -Dcatalina.home=F:\shouyu
10-Aug-2018 11:29:20.738 信息 [main] org.apache.catalina.startup.VersionLoggerListener.log Command line argument: -Djava.io.tmpdir=F:\shouyu\temp
10-Aug-2018 11:29:20.739 信息 [main] org.apache.catalina.core.AprLifecycleListener.lifecycleEvent Loaded APR based Apache Tomcat Native library [1.2.16] using APR version [1.6.3].
10-Aug-2018 11:29:20.741 信息 [main] org.apache.catalina.core.AprLifecycleListener.lifecycleEvent APR capabilities: IPv6 [true], sendfile [true], accept filters [false], random [true].
10-Aug-2018 11:29:20.750 信息 [main] org.apache.catalina.core.AprLifecycleListener.lifecycleEvent APR/OpenSSL configuration: useAprConnector [false], useOpenSSL [true]
10-Aug-2018 11:29:21.921 信息 [main] org.apache.catalina.core.AprLifecycleListener.initializeSSL OpenSSL successfully initialized [OpenSSL 1.0.2m  2 Nov 2017]
10-Aug-2018 11:29:22.254 信息 [main] org.apache.coyote.AbstractProtocol.init Initializing ProtocolHandler ["http-nio-8080"]
10-Aug-2018 11:29:23.215 信息 [main] org.apache.tomcat.util.net.NioSelectorPool.getSharedSelector Using a shared selector for servlet write/read
10-Aug-2018 11:29:23.234 信息 [main] org.apache.coyote.AbstractProtocol.init Initializing ProtocolHandler ["ajp-nio-8009"]
10-Aug-2018 11:29:23.239 信息 [main] org.apache.tomcat.util.net.NioSelectorPool.getSharedSelector Using a shared selector for servlet write/read
10-Aug-2018 11:29:23.242 信息 [main] org.apache.catalina.startup.Catalina.load Initialization processed in 3078 ms
10-Aug-2018 11:29:23.311 信息 [main] org.apache.catalina.core.StandardService.startInternal Starting service [Catalina]
10-Aug-2018 11:29:23.312 信息 [main] org.apache.catalina.core.StandardEngine.startInternal Starting Servlet Engine: Apache Tomcat/8.5.31
10-Aug-2018 11:29:23.343 信息 [localhost-startStop-1] org.apache.catalina.startup.HostConfig.deployDirectory Deploying web application directory [F:\shouyu\web\ROOT]
10-Aug-2018 11:29:45.352 信息 [localhost-startStop-1] org.apache.jasper.servlet.TldScanner.scanJars At least one JAR was scanned for TLDs yet contained no TLDs. Enable debug logging for this logger for a complete list of JARs that were scanned but no TLDs were found in them. Skipping unneeded JARs during scanning can improve startup time and JSP compilation time.
10-Aug-2018 11:29:45.413 信息 [localhost-startStop-1] com.susing.core.KingleSystem.SERVER_START YacusServer starting..
10-Aug-2018 11:29:45.503 信息 [localhost-startStop-1] com.susing.core.TaskManager.runNxt 计划[com.susing.sql.GenericDataSource$Cache@206a4ed3]已经启动,下一次将在 2018-08-10 11:30:45.503 执行
10-Aug-2018 11:29:45.503 信息 [localhost-startStop-1] com.susing.sql.DataSourceFactory.loadDataSource 已注册一个连接器 name=plat;type=MYSQL(MySQL)
10-Aug-2018 11:29:45.524 信息 [localhost-startStop-1] com.susing.sql.DataSourceFactory.loadDataSource 已注册一个连接器 name=shouyu;type=MYSQL(MySQL)
10-Aug-2018 11:29:46.085 信息 [localhost-startStop-1] com.susing.core.KingleService.__start 正在启动服务:会话服务器
10-Aug-2018 11:29:46.085 信息 [localhost-startStop-1] com.susing.core.TaskManager.runNxt 计划[com.susing.core.SessionContext@291cada0]已经启动,下一次将在 2018-08-10 11:32:46.085 执行
10-Aug-2018 11:29:46.088 信息 [localhost-startStop-1] com.susing.core.KingleSystem.SERVER_START session-domain : 
10-Aug-2018 11:29:46.097 信息 [localhost-startStop-1] com.susing.core.KingleSystem.SERVER_START YacusServer init wasted in 684 millis
10-Aug-2018 11:29:48.082 信息 [localhost-startStop-1] org.apache.catalina.startup.HostConfig.deployDirectory Deployment of web application directory [F:\shouyu\web\ROOT] has finished in [24,738] ms
10-Aug-2018 11:29:48.091 信息 [main] org.apache.coyote.AbstractProtocol.start Starting ProtocolHandler ["http-nio-8080"]
10-Aug-2018 11:29:48.110 信息 [main] org.apache.coyote.AbstractProtocol.start Starting ProtocolHandler ["ajp-nio-8009"]
10-Aug-2018 11:29:48.117 信息 [main] org.apache.catalina.startup.Catalina.start Server startup in 24873 ms
10-Aug-2018 12:05:38.816 信息 [main] org.apache.catalina.startup.VersionLoggerListener.log Server version:        Apache Tomcat/8.5.31
10-Aug-2018 12:05:38.823 信息 [main] org.apache.catalina.startup.VersionLoggerListener.log Server built:          Apr 27 2018 20:24:25 UTC
10-Aug-2018 12:05:38.824 信息 [main] org.apache.catalina.startup.VersionLoggerListener.log Server number:         8.5.31.0
10-Aug-2018 12:05:38.824 信息 [main] org.apache.catalina.startup.VersionLoggerListener.log OS Name:               Windows 10
10-Aug-2018 12:05:38.824 信息 [main] org.apache.catalina.startup.VersionLoggerListener.log OS Version:            10.0
10-Aug-2018 12:05:38.825 信息 [main] org.apache.catalina.startup.VersionLoggerListener.log Architecture:          amd64
10-Aug-2018 12:05:38.825 信息 [main] org.apache.catalina.startup.VersionLoggerListener.log Java Home:             D:\platform\jdk\jre
10-Aug-2018 12:05:38.825 信息 [main] org.apache.catalina.startup.VersionLoggerListener.log JVM Version:           1.8.0_112-b15
10-Aug-2018 12:05:38.825 信息 [main] org.apache.catalina.startup.VersionLoggerListener.log JVM Vendor:            Oracle Corporation
10-Aug-2018 12:05:38.826 信息 [main] org.apache.catalina.startup.VersionLoggerListener.log CATALINA_BASE:         F:\shouyu
10-Aug-2018 12:05:38.826 信息 [main] org.apache.catalina.startup.VersionLoggerListener.log CATALINA_HOME:         F:\shouyu
10-Aug-2018 12:05:38.826 信息 [main] org.apache.catalina.startup.VersionLoggerListener.log Command line argument: -Djava.util.logging.config.file=F:\shouyu\conf\logging.properties
10-Aug-2018 12:05:38.827 信息 [main] org.apache.catalina.startup.VersionLoggerListener.log Command line argument: -Djava.util.logging.manager=org.apache.juli.ClassLoaderLogManager
10-Aug-2018 12:05:38.827 信息 [main] org.apache.catalina.startup.VersionLoggerListener.log Command line argument: -Djdk.tls.ephemeralDHKeySize=2048
10-Aug-2018 12:05:38.827 信息 [main] org.apache.catalina.startup.VersionLoggerListener.log Command line argument: -Djava.protocol.handler.pkgs=org.apache.catalina.webresources
10-Aug-2018 12:05:38.827 信息 [main] org.apache.catalina.startup.VersionLoggerListener.log Command line argument: -Dignore.endorsed.dirs=
10-Aug-2018 12:05:38.828 信息 [main] org.apache.catalina.startup.VersionLoggerListener.log Command line argument: -Dcatalina.base=F:\shouyu
10-Aug-2018 12:05:38.829 信息 [main] org.apache.catalina.startup.VersionLoggerListener.log Command line argument: -Dcatalina.home=F:\shouyu
10-Aug-2018 12:05:38.830 信息 [main] org.apache.catalina.startup.VersionLoggerListener.log Command line argument: -Djava.io.tmpdir=F:\shouyu\temp
10-Aug-2018 12:05:38.832 信息 [main] org.apache.catalina.core.AprLifecycleListener.lifecycleEvent Loaded APR based Apache Tomcat Native library [1.2.16] using APR version [1.6.3].
10-Aug-2018 12:05:38.834 信息 [main] org.apache.catalina.core.AprLifecycleListener.lifecycleEvent APR capabilities: IPv6 [true], sendfile [true], accept filters [false], random [true].
10-Aug-2018 12:05:38.854 信息 [main] org.apache.catalina.core.AprLifecycleListener.lifecycleEvent APR/OpenSSL configuration: useAprConnector [false], useOpenSSL [true]
10-Aug-2018 12:05:40.061 信息 [main] org.apache.catalina.core.AprLifecycleListener.initializeSSL OpenSSL successfully initialized [OpenSSL 1.0.2m  2 Nov 2017]
10-Aug-2018 12:05:40.308 信息 [main] org.apache.coyote.AbstractProtocol.init Initializing ProtocolHandler ["http-nio-8080"]
10-Aug-2018 12:05:41.157 信息 [main] org.apache.tomcat.util.net.NioSelectorPool.getSharedSelector Using a shared selector for servlet write/read
10-Aug-2018 12:05:41.180 信息 [main] org.apache.coyote.AbstractProtocol.init Initializing ProtocolHandler ["ajp-nio-8009"]
10-Aug-2018 12:05:41.185 信息 [main] org.apache.tomcat.util.net.NioSelectorPool.getSharedSelector Using a shared selector for servlet write/read
10-Aug-2018 12:05:41.186 信息 [main] org.apache.catalina.startup.Catalina.load Initialization processed in 3378 ms
10-Aug-2018 12:05:41.247 信息 [main] org.apache.catalina.core.StandardService.startInternal Starting service [Catalina]
10-Aug-2018 12:05:41.248 信息 [main] org.apache.catalina.core.StandardEngine.startInternal Starting Servlet Engine: Apache Tomcat/8.5.31
10-Aug-2018 12:05:41.272 信息 [localhost-startStop-1] org.apache.catalina.startup.HostConfig.deployDirectory Deploying web application directory [F:\shouyu\web\ROOT]
10-Aug-2018 12:06:02.708 信息 [localhost-startStop-1] org.apache.jasper.servlet.TldScanner.scanJars At least one JAR was scanned for TLDs yet contained no TLDs. Enable debug logging for this logger for a complete list of JARs that were scanned but no TLDs were found in them. Skipping unneeded JARs during scanning can improve startup time and JSP compilation time.
10-Aug-2018 12:06:02.760 信息 [localhost-startStop-1] com.susing.core.KingleSystem.SERVER_START YacusServer starting..
10-Aug-2018 12:06:02.869 信息 [localhost-startStop-1] com.susing.core.TaskManager.runNxt 计划[com.susing.sql.GenericDataSource$Cache@206a4ed3]已经启动,下一次将在 2018-08-10 12:07:02.869 执行
10-Aug-2018 12:06:02.870 信息 [localhost-startStop-1] com.susing.sql.DataSourceFactory.loadDataSource 已注册一个连接器 name=plat;type=MYSQL(MySQL)
10-Aug-2018 12:06:02.874 信息 [localhost-startStop-1] com.susing.sql.DataSourceFactory.loadDataSource 已注册一个连接器 name=shouyu;type=MYSQL(MySQL)
10-Aug-2018 12:06:03.452 信息 [localhost-startStop-1] com.susing.core.KingleService.__start 正在启动服务:会话服务器
10-Aug-2018 12:06:03.453 信息 [localhost-startStop-1] com.susing.core.TaskManager.runNxt 计划[com.susing.core.SessionContext@291cada0]已经启动,下一次将在 2018-08-10 12:09:03.453 执行
10-Aug-2018 12:06:03.456 信息 [localhost-startStop-1] com.susing.core.KingleSystem.SERVER_START session-domain : 
10-Aug-2018 12:06:03.457 信息 [localhost-startStop-1] com.susing.core.KingleSystem.SERVER_START YacusServer init wasted in 698 millis
10-Aug-2018 12:06:05.446 信息 [localhost-startStop-1] org.apache.catalina.startup.HostConfig.deployDirectory Deployment of web application directory [F:\shouyu\web\ROOT] has finished in [24,173] ms
10-Aug-2018 12:06:05.453 信息 [main] org.apache.coyote.AbstractProtocol.start Starting ProtocolHandler ["http-nio-8080"]
10-Aug-2018 12:06:05.471 信息 [main] org.apache.coyote.AbstractProtocol.start Starting ProtocolHandler ["ajp-nio-8009"]
10-Aug-2018 12:06:05.475 信息 [main] org.apache.catalina.startup.Catalina.start Server startup in 24289 ms
